[    0.000000] Initializing cgroup subsys cpuset
[    0.000000] Initializing cgroup subsys cpu
[    0.000000] Initializing cgroup subsys cpuacct
[    0.000000] Linux version 4.4.0-159-generic (buildd@lgw01-amd64-042) (gcc version 5.4.0 20160609 (Ubuntu 5.4.0-6ubuntu1~16.04.10) ) #187-Ubuntu SMP Thu Aug 1 16:28:06 UTC 2019 (Ubuntu 4.4.0-159.187-generic 4.4.185)
[    0.000000] Command line: BOOT_IMAGE=/boot/vmlinuz-4.4.0-159-generic root=LABEL=cloudimg-rootfs ro console=tty1 console=ttyS0
[    0.000000] KERNEL supported cpus:
[    0.000000]   Intel GenuineIntel
[    0.000000]   AMD AuthenticAMD
[    0.000000]   Centaur CentaurHauls
[    0.000000] x86/fpu: Legacy x87 FPU detected.
[    0.000000] e820: BIOS-provided physical RAM map:
[    0.000000] BIOS-e820: [mem 0x0000000000000000-0x000000000009fbff] usable
[    0.000000] BIOS-e820: [mem 0x000000000009fc00-0x000000000009ffff] reserved
[    0.000000] BIOS-e820: [mem 0x00000000000f0000-0x00000000000fffff] reserved
[    0.000000] BIOS-e820: [mem 0x0000000000100000-0x000000003ffeffff] usable
[    0.000000] BIOS-e820: [mem 0x000000003fff0000-0x000000003fffffff] ACPI data
[    0.000000] BIOS-e820: [mem 0x00000000fec00000-0x0000000fec00fff] reserved
[    0.000000] BIOS-e820: [mem 0x00000000fee0000-0x0000000fe00fff] reserved
[    0.000000] BIOS-e820: [mem 0x00000000fffc0000-0x00000000ffffffff] reserved
[    0.000000] NX (Execute Disable) protection: active
[    0.000000] SMBIOS 2.5 present.
[    0.000000] Hypervisor detected: KVM
[    0.000000] e820: last_pfn = 0x3fff0 max_arch_pfn = 0x400000000
[    0.000000] MTRR: Disabled
[    0.000000] x86/PAT: MTRRs disabled, skipping PAT initialization too.
[    0.000000] CPU MTRRs all blank - virtualized system.
[    0.000000] x86/PAT: Configuration [0-7]: WB  WT  UC- UC  WB  WT  UC- UC  
[    0.000000] found SMP MP-table at [mem 0x0009fff0-0x0009ffff] mapped at [ffff88000009fff0]
[    0.000000] Scanning 1 areas or low memory corruption
[    0.000000] RAMDISK: [mem 0x362f8000-0x37173fff]
[    0.000000] ACPI: Early table checksum verification disabled
[    0.000000] ACPI: RSDP 0x00000000000E0000 000024 (v02 VBOX  )
[    0.000000] ACPI: XSDT 0x000000003FFF0030 00003C (v01 VBOX   VBOXXSDT 00000001 ASL  00000061)
[    0.000000] ACPI: FACP 0x000000003FFF00F0 0000F4 (v04 VBOX   VBOXFACP 00000001 ASL  00000061)
[    0.000000] ACPI: DSDT 0x000000003FFF0470 0021FF (v02 VBOX   VBOXBIOS 00000002 INTL 20180105)
[    0.000000] ACPI: FACS 0x000000003FFF0200 000040
[    0.000000] ACPI: FACS 0x000000003FFF0200 000040
[    0.000000] ACPI: APIC 0x000000003FFF0240 00005C (v02 VBOX   VBOXAPIC 00000001 ASL  00000061)
[    0.000000] ACPI: SSDT 0x000000003FFF02A0 001CC (v01 VBOX   VBOXCPUT 00000002 INTL 20180105)
[    0.000000] No NUMA configuration found
[    0.000000] Faking a node at [mem 0x0000000000000000-0x000000003ffeffff]
[    0.000000] NODE_DATA(0) allocated [mem 0x3ffeb000-0x3ffeffff]
[    0.000000] kvm-clock: Using msrs 4b564d01 and 4b564d00
[    0.000000] kvm-clock: cpu 0, msr 0:3ffe3001, primary cpu clock
[    0.000000] kvm-clock: using sched offset of 5111579486 cycles
[    0.000000] clocksource: kvm-clock: mask: 0xffffffffffffffff max_cycles: 0x1cd42e4dffb, max_idle_ns: 881590591483 ns
[    0.000000] Zone ranges:
[    0.000000]   DMA      [mem 0x0000000000001000-0x0000000000ffffff]
[    0.000000]   DMA32    [mem 0x0000000001000000-0x000000003ffeffff]
[    0.000000]   Normal   empty
[    0.000000]   Device   empty
[    0.000000] Movable zone start for each node
[    0.000000] Early memory node ranges
[    0.000000]   node   0: [mem 0x0000000000001000-0x000000000009efff]
[    0.000000]   node   0: [mem 0x0000000000100000-0x000000003ffeffff]
[    0.000000] Initmemsetup node 0 [mem 0x000000000001000-0x000000003ffeffff]
[    0.000000] ACPI: PM-Timer IO Port: 0x4008
[   0.000000] IOAPIC[0]: apic_id 2, version 32, address 0xfec00000, GSI 0-23
[    0.000000] ACPI: INT_SRC_OVR (bus 0 bus_irq 0 global_irq 2 dfl dfl)
[    0.000000] ACPI: INT_SRC_OVR (bus 0 bus_irq 9 global_irq 9 low level)
[    0.000000] Using ACPI (MADT) for SMP configuration information
[    0.000000] smpboot: Allowing 2 CPUs, 0 hotplug CPUs
[    0.000000] PM: Registered nosave memory: [mem 0x00000000-0x00000fff]
[    0.000000] PM: Registered nosave memory: [mem 0x0009f000-0x0009ffff]
[    0.000000] PM: Registered nosave memory: [mem 0x000a0000-0x000effff]
[    0.000000] PM: Registered nosave memory: [mem 0x000f0000-0x000fffff]
[    0.000000] e820: [mem 0x40000000-0xfebfffff] available for PCI devices
[    0.000000] Booting paravirtualized kernel on KVM
[    0.000000] clocksource: refined-jiffies: mask: 0xffffffff max_cycles: 0xffffffff, max_idle_ns: 7645519600211568 ns
[    0.000000] setup_percpu: NR_CPUS:512 nr_cpumask_bits:512 nr_cpu_ids:2 nr_node_ids:1
[    0.000000] PERCPU: Embedded 34 pages/cpu @ffff88003fc00000 s99544 r8192 d31528 u1048576
[    0.000000] Built 1 zoneists in Node order, mobility grouping on.  Total pages: 257912
[    0.000000] Policy zone: DMA32
[    0.000000] Kernel command line: BOOTIMAGE=/boot/vmlinuuz-4.4.0-159-generic root=LABEL=cloudimg-rootfs ro console=tty1 console=ttyS0
[    0.000000] PID hash table entries: 4096 (order: 3, 32768 bytes)
[    0.000000] Memory: 997724K/1048120K available (8618K kernel code, 1335K rwdata, 4032K rodata, 1488K init, 1284K bss, 5036K reserved, 0K cma-reserved)
[    0.000000] SLUB: HWalign=64, Order=0-3, MinObjects=0, CPUs=2, Nodes=1
[    0.000000] Kernel/User page tables isolation: enabled
[    0.000000] Hierarchical RCU implementatin.
[    0.000000] 	Build-time adjustment of leaf fanout to 64.
[    0.000000] 	RCU restricting CPUs from NR_CPUS=512 to nr_cpu_ids=2.
[    0.000000] RCU: Adjusting geometry for rcu_fanout_leaf=64, nr_cpu_ids=2
[    0.000000] NR_IRQS:33024 nr_irqs:440 16
[    0.000000] Console: colour VGA+ 80x25
[    0.000000] console [tty1] enabled
[    0.000000] console [ttyS0] enabled
[    0.000000] tsc: Detected 2992.498 MHz processor
[    2.681287] Calibrating delay loop (skipped) preset value.. 5984.99 BogoMIPS (lpj=11969992)
[    2.798683] pid_max: default: 32768 minimum: 301
[    2.800254] ACPI: Core revision 20150930
[    2.802979] ACPI: 2 ACPI AML tables successfully acquired and loaded
[    2.832486] Security Framework initialized
[    2.885920] Yama: becoming mindful.
[    2.887303] AppArmor: AppArmor initialized
[    2.888886] Dentry cache hash table entries: 131072 (order: 8, 1048576 bytes)
[    2.891538] Inode-cache hash table entries: 65536 (order: 7, 524288 bytes)
[    2.893835] Mount-cache hash table entries: 2048 (order: 2, 16384 bytes)
[    2.924995] Mountpoint-cache hash table entries: 2048 (order: 2, 16384 bytes)
[    2.991989] Initializing cgroup subsys io
[    2.993412] Initializing cgroup subsys memory
[    2.994909] Initializing cgroup subsys devices
[    3.001685] Initializing cgroup subsys freezer
[    3.003174] Initializing cgroup subsys net_cls
[    3.004669] Initializing cgroup subsys perf_event
[    3.006255] Initializing cgroup subsys net_prio
[    3.030165] Initializing cgroup subsys hugetlb
[    3.083473] Initializing cgroup subsys pids
[    3.085016] mce: CPU supports 0 MCE banks
[    3.098086] Last level iTLB entries: 4KB 128, 2MB 4, 4MB 4
[    3.193965] Last level dTLB entries: 4KB 256, 2MB 0, 4MB 32, 1GB 0
[    3.195814] Spectre V1 : Mitigation: usercopy/swapgs barriers and __user pointer sanitization
[    3.238515] Spectre V2 : Mitigation: Full generic retpoline
[    3.240246] Spectre V2 : Spectre v2 / SpectreRSB mitigation: Filling RSB on context switch
[    3.306619] Speculative Store Bypass: Vulnerable
[    3.390373] MDS: Vulnerable: Clear CPU buffers attempted, no microcode
[    3.396055] Freeing SMP alternatives memory: 36K
[    3.405287] ftrace: allocating 32318 entries in 127 pages
[    3.475490] smpboot: APIC(0) Converting physical 0 to logical package 0
[    3.589973] smpboot: Max logical packages: 1
[    3.664475] x2apic enabled
[    3.674048] Switched APIC routing to physical x2apic.
[    3.678066] ..TIMER: vector=0x30 apic1=0 pin1=2 apic2=-1 pin2=-1
[    3.785373] APIC calibration not consistent with PM-Timer: 97ms instead of 100ms
[    3.923094] APIC delta adjusted to PM-Timer: 6253567 (6093505)
[    3.948889] smpboot: CPU0: Intel(R) Core(TM)2 Duo CPU     E8400  @ 3.00GHz (family: 0x6, model: 0x17, stepping: 0xa)
[    4.016421] Performance Events: unsupported p6 CPU model 23 no PMU driver, software events only.
[    4.181685] KVM setup paravirtual spinlock
[    4.184739] x86: Booting SMP configuration:
[    4.186177] .... node  #0, CPUs:      #1
[    4.187539] kvm-clock: cpu 1, msr 0:3ffe3041, secondary cpu clock
[    4.197391] mce: CPU supports 0 MCE banks
[    4.200586] x86: Booted up 1 node, 2 CPUs
[    4.202479] smpboot: Total of 2 processors activated (11969.99 BogoMIPS)
[    4.205044] devtmpfs: initialized
[    4.208753] evm: security.selinux
[    4.210009] evm: security.SMACK64
[    4.211245] evm: security.SMACK64EXEC
[    4.212574] evm: security.SMACK64TRANSMUTE
[    4.213991] evm: security.SMACK64MMAP
[    4.215304] evm: security.ima
[    4.221826] evm: security.capability
[    4.223318] clocksource: jiffies: mask: 0xffffffff max_cycles: 0xffffffff, max_idle_ns: 7645041785100000 ns
[    4.227554] futex hash table entries: 512 (order: 3, 32768 bytes)
[    4.229595] pinctrl core: initialized pinctrl subsystem
[    4.231438] RTC time: 17:45:02, date: 08/22/19
[    4.233330] NET: Registered protocol family 16
[    4.247933] cpuidle: using governor ladder
[    4.260000] cpuidle: using governor menu
[    4.261415] PCCT header not found.
[    4.262731] ACPI: bus type PCI registered
[    4.264134] acpiphp: ACPI Hot Plug PCI Controller Driver version: 0.5
[    4.266175] PCI: Using configuration type 1 for base access
[    4.312819] ACPI: Added _OSI(Module Device)
[    4.314263] ACPI: Added _OSI(Processor Device)
[    4.315755] ACPI: Added _OSI(3.0 _SCP Extensions)
[    4.317316] ACPI: Added _OSI(Processor Aggregator Device)
[    4.350878] ACPI: Executed 1 blocks of module-level executable AML code
[    4.392096] ACPI: Interpreter enabled
[    4.393448] ACPI: (supports S0 S5)
[    4.395788] ACPI: Using IOAPIC for interrupt routing
[    4.489973] PCI: Using host bridge windows from ACPI; if necessary, use "pci=nocrs" and report a bug
[    4.528682] ACPI: PCI Root Bridge [PCI0] (domain 0000 [bus 00-ff])
[    4.530557] acpi PNP0A03:00: _OSC: OS supports [ASPM ClockPM Segments MSI]
[    4.532589] acpi PNP0A03:00: _OSC: not requesting OS control; OS requires [ExtendedConfig ASPM ClockPM MSI]
[    4.538870] acpi PNP0A03:00: fail to add MMCONFIG information, can't access extended PCI configuration space under this bridge.
[    4.696994] PCI host bridge to bus 0000:00
[    4.698428] pci_bus 0000:00: root bus resource [io  0x0000-0x0cf7 window]
[    4.700428] pci_bus 0000:00: root bus resource [io  0x0d00-0xffff window]
[    4.702428] pci_bus 0000:00: root bus resource [mem 0x000a0000-0x000bffff window]
[    4.705020] pci_bus 0000:00: root bus resource [mem 0x40000000-0xfdffffff window]
[    4.786775] pci_bus 0000:00: root bus resource [bus 00-ff]
[    4.790621] pci 0000:00:01.1: legacy IDE quirk: reg 0x10: [io  0x01f0-0x01f7]
[    4.792681] pci 0000:00:01.1: legacy IDE quirk: reg 0x14: [io  0x03f6]
[    4.795683] pci 0000:00:01.1: legacy IDE quirk: reg 0x18: [io  0x0170-0x0177]
[    4.862794] pci 0000:00:01.1: legacy IDE quirk: reg 0x1c: [io  0x0376]
[    4.906013] pci 0000:00:07.0: quirk: [io  0x4000-0x403f] claimed by PIIX4 ACPI
[    4.919354] pci 0000:00:07.0: quirk: [io  0x4100-0x410f] claimed by PIIX4 SMB
[    4.952107] ACPI: PCI Interrupt Link [LNKA] (IRQs 5 9 10 *11)
[    4.955999] ACPI: PCI Interrupt Link [LNKB] (IRQs 5 9 *10 11)
[    4.958474] ACPI: PCI Interrupt Link [LNKC] (IRQs 5 *9 10 11)
[    4.960924] ACPI: PCI Interrupt Link [LNKD] (IRQs 5 9 10 *11)
[    4.963439] ACPI: Enabled 2 GPEs in block 00 to 07
[    4.966127] vgaarb: setting as boot device: PCI:0000:00:02.0
[    4.967883] vgaarb: device added: PCI:0000:00:02.0,decodes=io+mem,owns=io+mem,locks=none
[    4.970653] vgaarb: loaded
[    4.971765] vgaarb: bridge control possible 0000:00:02.0
[    4.975924] SCSI subsystem initialized
[    4.977745] ACPI: bus type USB registered
[    4.985659] usbcore: registered new interface driver usbfs
[    4.987399] usbcore: registered new interface driver hub
[    4.994563] usbcore: registered new device driver usb
[    4.996641] PCI: Using ACPI for IRQ routing
[    5.015331] NetLabel: Initializing
[    5.064814] NetLabel:  domain hash size = 128
[    5.076294] NetLabel:  protocols = UNLABELED CIPSOv4
[    5.117375] NetLabel:  unlabeled traffic allowed by default
[    5.153884] amd_nb: Cannot enumerate AMD northbridges
[    5.242698] clocksource: Switched to clocksource kvm-clock
[    5.259496] AppArmor: AppArmor Filesystem Enabled
[    5.31498] pnp: PnP ACPI init
[    385466] pnp: PnP ACPI: found 3 devices

[    5.457474] clocksource: acpi_pm: mask: 0xffffff max_cycles: 0xffffff, max_idle_ns: 2085701024 ns
[    5.460628] NET: Registered protocol family 2
[    5.462803] TCP established hash table entries: 8192 (order: 4, 65536 bytes)
[    5.465016] TCP bind hash table entres: 8192 (order: 5, 131072 bytes)
[    5.497668] TCP: Hash tables configured (established 8192 bind 8192)
[    5.499738] UDP hash table entries: 512 (order: 2, 16384 bytes)
[    5.501673] UDP-Lite hash table entries: 512 (order: 2, 16384 bytes)
[    5.503780] NET: Registered protocol family 1
[    5.505363pc0000:00:00.0: Limiting direct PCI/PCI transfers
[    5.629577] pci 00:00:01.0: Activating ISA DMA hang workarounds
[    5.692934] Unpacking initramfs...

[    5.955277] Freeing initrd memory: 14832K
[    5.975782] clocksource: tsc: mask: 0xffffffffffffffff max_cycles: 0x2b2296bc2b9, max_idle_ns: 440795321505 ns
[    5.983737] platform rtc_cmos: registered platform RTC device (no PNP device found)
[    5.987381] Scanning for low memory corruption every 60 seconds
[    5.989808] audit: initializing netlink subsys (disabled)
[    5.991633] audit: type=2000 audit(1566495905.711:1): initialized
[    5.994427] Initialise system trusted keyring
[    5.996326] HugeTLB registered 2 MB page size, pre-allocated 0 pages
[    6.007600] zbud: loaded
[    6.009204] VFS: Disk quotas dquot_6.6.0
[    6.010745] VFS: Dquot-cache hash table entries: 512 (order 0, 4096 bytes)
[    6.013533] squashfs: version 4.0 (2009/01/31) Phillip Lougher
[    6.015887] fuse init (API version 7.23)
[    6.017524] Key type big_key registered
[    6.018988] Allocating IMA MOK and blacklist keyrings.
[    6.023075] Key type asymmetric registered
[    6.024595] Asymmetric key parser 'x509' registered
[    6.026308] Block layer SCSI generic (bsg) driver version 0.4 loaded (major 249)
[    6.036424] io scheduler noop registered
[    6.037882] io scheduler deadline registered (default)
[    6.039721] io scheduler cfq registered
[    6.041319] pci_hotplug: PCI Hot Plug PCI Core version: 0.5
[    6.065438] pciehp: PCI Express Hot Plug Controller Driver version: 0.4
[    6.076176] ACPI: AC Adapter [AC] (on-line)
[    6.095323] input: Power Button as /devices/LNXSYSTM:00/LNXPWRBN:00/input/input0
[    6.098202] ACPI: Power Button [PWRF]
[    6.099767] input: Sleep Button as /devices/LNXSYSTM:00/LNXSLPBN:00/input/input1
[    6.126142] ACPI: Sleep Button [SLPF]
[    6.145503] GHES: HEST is not enabled!
[    6.177587] Serial: 8250/16550 driver, 32 ports, IRQ sharing enabled
[    6.204603] 00:02: ttyS0 at I/O 0x3f8 (irq = 4, base_baud = 115200) is a 16550A
[    6.212544] Linux agpgart interface v0.103
[    6.225692] loop: module loaded
[    6.230968] scsi host0: ata_piix
[    6.233991] scsi host1: ata_piix
[    6.236465] ata1: PATA max UDMA/33 cmd 0x1f0 ctl 0x3f6 bmdma 0xd000 irq 14
[    6.240063] ata2: PATA max UDMA/33 cmd 0x170 ctl 0x376 bmdma 0xd008 irq 15
[    6.245114] libphy: Fixed MDIO Bus: probed
[    6.247589] tun: Universal TUN/TAP device driver, 1.6
[    6.250300] tun: (C) 1999-2004 Max Krasnyansky <maxk@qualcomm.com>
[    6.252661] PPP generic driver version 2.4.2
[    6.254301] ehci_hcd: USB 2.0 'Enhanced' Host Controller (EHCI) Driver
[    6.256402] ehci-pci: EHCI PCI platform driver
[    6.355598] ehci-platform: EHCI generic platform driver
[    6.357415] ohci_hcd: USB 1.1 'Open' Host Controller (OHCI) Driver
[    6.385154] ohci-pci: OHCI PCI platform driver
[    6.386840] ohci-platform: OHCI generic platform driver
[    6.388590] uhci_hcd: USB Universal Host Controller Interface driver
[    6.390792] i8042: PNP: PS/2 Controller [PNP0303:PS2K,PNP0f03:PS2M] at 0x60,0x64 irq 1,12
[    6.394505] serio: i8042 KBD port at 0x60,0x64 irq 1
[    6.445613] serio: i8042 AUX port at 0x60,0x64 irq 12
[    6.447599] mousedev: PS/2 mouse device common for all mice
[    6.450191] input: AT Translated Set 2 keyboard as /devices/platform/i8042/serio0/input/input2
[    6.453345] rtc_cmos rtc_cmos: rtc core: registered rtc_cmos as rtc0
[    6.455572] rtc_cmos rtc_cmos: alarms up to one day, 114 bytes nvram
[    6.457566] i2c /dev entries driver
[    6.459089] device-mapper: uevent: version 1.0.3
[    6.460856] device-mapper: ioctl: 4.34.0-ioctl (2015-10-28) initialised: dm-devel@redhat.com
[    6.463885] ledtrig-cpu: registered to indicate activity on CPUs
[    6.466611] NET: Registered protocol family 10
[    6.552148] NET: Registered protocol family 17
[    6.560874] Key type dns_resolver registered
[    6.563117] registered taskstats version 1
[    6.564632] Loading compiled-in X.509 certificates
[    6.567307] Loaded X.509 cert 'Build time autogenerated kernel key: d14182f9795b80ec340f636a5a08bf5817ccd8e7'
[    6.570606] zswap: loaded using pool lzo/zbud
[    6.590242] Key type trusted registered
[    6.618518] Key type encrypted registered
[    6.621148] AppArmor: AppArmor sha1 policy hashing enabled
[    6.623003] ima: No TPM chip found, activating TPM-bypass!
[    6.624832] ima: Allocated hash algorithm: sha1
[    6.626447] evm: HMAC attrs: 0x1
[    6.628200]   Magic number: 15:704:795
[    6.629745] rtc_cmos rtc_cmos: setting system clock to 2019-08-22 17:45:04 UTC (1566495904)
[    6.632857] BIOS EDD facility v0.16 2004-Jun-25, 0 devices found
[    6.634822] EDD information not available.
[    6.641967] Freeing unused kernel memory: 1488K
[    6.654815] Write protecting the kernel read-only data: 14336k
[    6.675341] Freeing unused kernel memory: 1608K
[    6.695139] Freeing unused kernel memory: 64K
Loading, please wait...
starting version 229
[    6.840828] random: systemd-udevd: uninitialized urandom read (16 bytes read, 2 bits of entropy available)
[    6.847374] random: systemd-udevd: uninitialized urandom read (16 bytes read, 2 bits of entropy available)
[    6.851664] random: udevadm: uninitialized urandom read (16 bytes read, 2 bits of entropy available)
[    6.851967] random: udevadm: uninitialized urandom read (16 bytes read, 2 bits of entropy available)
[    6.863542] random: systemd-udevd: uninitialized urandom read (16 bytes read, 2 bits of entropy available)
[    6.869088] random: systemd-udevd: uninitialized urandom read (16 bytes read, 2 bits of entropy available)
[    6.921577] random: systemd-udevd: uninitialized urandom read (16 bytes read, 2 bits of entropy available)
[    6.926556] random: systemd-udevd: uninitialized urandom read (16 bytes read, 2 bits of entropy available)
[    6.931497] random: systemd-udevd: uninitialized urandom read (16 bytes read, 2 bits of entropy available)
[    6.947928] random: systemd-udevd: uninitialized urandom read (16 bytes read, 2 bits of entropy available)
[    7.243329] e1000: Intel(R) PRO/1000 Network Driver - version 7.3.21-k8-NAPI
[    7.256297] e1000: Copyright (c) 1999-2006 Intel Corporation.
[    7.292656] Fusion MPT base driver 3.04.20
[    7.308089] Copyright (c) 1999-2008 LSI Corporation
[    7.532830] input: ImExPS/2 Generic Explorer Mouse as /devices/platform/i8042/serio1/input/input4
[    7.606407] Fusion MPT SPI Host driver 3.04.20
[    7.902767] e1000 0000:00:03.0 eth0: (PCI:33MHz:32-bit) 02:52:2e:48:de:28
[    7.905128] e1000 0000:00:03.0 eth0: Intel(R) PRO/1000 Network Connection
[    7.930619] e1000 0000:00:03.0 enp0s3: renamed from eth0
[    7.955109] mptbase: ioc0: Initiating bringup
[    8.031214] ioc0: LSI53C1030 A0: Capabilities={Initiator}
[    8.196476] scsi host2: ioc0: LSI53C1030 A0, FwRev=00000000h, Ports=1, MaxQ=256, IRQ=20
[    8.311647] scsi 2:0:0:0: Direct-Access     VBOX     HARDDISK         1.0  PQ: 0 ANSI: 5
[    8.315537] scsi target2:0:0: Beginning Domain Validation
[    8.323766] scsi target2:0:0: Domain Validation skipping write tests
[    8.325666] scsi target2:0:0: Ending Domain Validation
[    8.327383] scsi target2:0:0: asynchronous
[    8.329231] scsi 2:0:1:0: Direct-Access     VBOX     HARDDISK         1.0  PQ: 0 ANSI: 5
[    8.346142] scsi target2:0:1: Beginning Domain Validation
[    8.349026] scsi target2:0:1: Domain Validation skipping write tests
[    8.736303] scsi target2:0:1: Ending Domain Validation
[    9.305015] scsi target2:0:1: asynchronous
[    9.313308] sd 2:0:0:0: Attached scsi generic sg0 type 0
[    9.316180] sd 2:0:0:0: [sda] 20971520 512-byte logical blocks: (10.7 GB/10.0 GiB)
[    9.319312] sd 2:0:1:0: [sdb] 20480 512-byte logical blocks: (10.5 MB/10.0 MiB)
[    9.322502] sd 2:0:1:0: Attached scsi generic sg1 type 0
[    9.348128] sd 2:0:0:0: [sda] Write Protect is off
[    9.348296] sd 2:0:1:0: [sdb] Write Protect is off
[    9.348404] sd 2:0:1:0: [sdb] Incomplete mode parameter data
[    9.348406] sd 2:0:1:0: [sdb] Assuming drive cache: write through
[    9.357802] sd 2:0:0:0: [sda] Incomplete mode parameter data
[    9.359688] sd 2:0:0:0: [sda] Assuming drive cache: write through
[    9.382989]  sda: sda1
[    9.384709] sd 2:0:1:0: [sdb] Attached SCSI disk
[    9.387964] sd 2:0:0:0: [sda] Attached SCSI disk
Begin: Loading essential drivers ... [   11.774269] md: linear personality registered for level -1
[   11.833371] md: multipath personality registered for level -4
[   11.893734] md: raid0 personality registered for level 0
[   11.937520] md: raid1 personality registered for level 1
[   12.063979] raid6: sse2x1   gen()  5163 MB/s
[   12.163973] raid6: sse2x1   xor()  5071 MB/s
[   12.263994] raid6: sse2x2   gen()  6816 MB/s
[   12.343969] raid6: sse2x2   xor()  6463 MB/s
[   12.423968] raid6: sse2x4   gen()  9210 MB/s
[   12.500615] raid6: sse2x4   xor()  6885 MB/s
[   12.502156] raid6: using algorithm sse2x4 gen() 9210 MB/s
[   12.504215] raid6: .... xor() 6885 MB/s, rmw enabled
[   12.505859] raid6: using ssse3x2 recovery algorithm
[   12.509567] xor: measuring software checksum speed
[   12.603965]    prefetch64-sse: 28763.000 MB/sec
[   12.694006]    generic_sse: 25602.000 MB/sec
[   12.705163] xor: using function: prefetch64-sse (28763.000 MB/sec)
[   12.729907] async_tx: api initialized (async)
[   12.765345] md: raid6 personality registered for level 6
[   12.768667] md: raid5 personality registered for level 5
[   12.773911] md: raid4 personality registered for level 4
[   12.848845] md: raid10 personality registered for level 10
done.
Begin: Running /scripts/init-premount ... done.
Begin: Mounting root file system ... Begin: Running /scripts/local-top ... done.
Begin: Running /scripts/local-premount ... [   13.065380] Btrfs loaded
Scanning for Btrfs filesystems
done.
Warning: fsck not present, so skipping root file system
[   13.281738] EXT4-fs (sda1): mounted filesystem with ordered data mode. Opts: (null)
done.
Begin: Running /scripts/local-bottom ... done.
Begin: Running /scripts/init-bottom ... done.
[   14.001712] systemd[1]: systemd 229 running in system mode. (+PAM +AUDIT +SELINUX +IMA +APPARMOR +SMACK +SYSVINIT +UTMP +LIBCRYPTSETUP +GCRYPT +GNUTLS +ACL +XZ -LZ4 +SECCOMP +BLKID +ELFUTILS +KMOD -IDN)
[   14.037992] systemd[1]: Detected virtualization oracle.
[   14.045432] systemd[1]: Detected architecture x86-64.

Welcome to [1mUbuntu 16.04.6 LTS[0m!

[   14.103984] systemd[1]: Set hostname to <ubuntu>.
[   14.138848] systemd[1]: Initializing machine ID from random generator.
[   14.141060] systemd[1]: Installed transient /etc/machine-id file.
[   14.436724] random: nonblocking pool is initialized
[   15.106237] systemd[1]: Reached target Swap.
[[0;32m  OK  [0m] Reached target Swap.
[   15.129597] systemd[1]: Reached target User and Group Name Lookups.
[[0;32m  OK  [0m] Reached target User and Group Name Lookups.
[   15.133313] systemd[1]: Listening on LVM2 metadata daemon socket.
[[0;32m  OK  [0m] Listening on LVM2 metadata daemon socket.
[   15.141027] systemd[1]: Created slice System Slice.
[[0;32m  OK  [0m] Created slice System Slice.
[   15.144162] systemd[1]: Reached target Encrypted Volumes.
[[0;32m  OK  [0m] Reached target Encrypted Volumes.
[   15.150016] systemd[1]: Started Trigger resolvconf update for networkd DNS.
[[0;32m  OK  [0m] Started Trigger resolvconf update for networkd DNS.
[   15.163643] systemd[1]: Started Forward Password Requests to Wall Directory Watch.
[[0;32m  OK  [0m] Started Forward Password Requests to Wall Directory Watch.
[   15.239208] systemd[1]: Listening on udev Kernel Socket.
[[0;32m  OK  [0m] Listening on udev Kernel Socket.
[   15.261936] systemd[1]: Listening on Syslog Socket.
[[0;32m  OK  [0m] Listening on Syslog Socket.
[   15.286721] systemd[1]: Listening on Device-mapper event daemon FIFOs.
[[0;32m  OK  [0m] Listening on Device-mapper event daemon FIFOs.
[   15.328873] systemd[1]: Reached target System Time Synchronized.
[[0;32m  OK  [0m] Reached target System Time Synchronized.
[   15.352796] systemd[1]: Listening on Journal Socket (/dev/log).
[[0;32m  OK  [0m] Listening on Journal Socket (/dev/log).
[   15.395131] systemd[1]: Set up automount Arbitrary Executable File Formats File System Automount Point.
[[0;32m  OK  [0m] Set up automount Arbitrary Executab...ats File System Automount Point.
[   15.472192] systemd[1]: Listening on Journal Audit Socket.
[[0;32m  OK  [0m] Listening on Journal Audit Socket.
[   15.511247] systemd[1]: Listening on LVM2 poll daemon socket.
[[0;32m  OK  [0m] Listening on LVM2 poll daemon socket.
[   15.555231] systemd[1]: Listening on /dev/initctl Compatibility Named Pipe.
[[0;32m  OK  [0m] Listening on /dev/initctl Compatibility Named Pipe.
[   15.671173] systemd[1]: Listening on udev Control Socket.
[[0;32m  OK  [0m] Listening on udev Control Socket.
[   15.727338] systemd[1]: Listening on Journal Socket.
[[0;32m  OK  [0m] Listening on Journal Socket.
[   15.803246] systemd[1]: Mounting POSIX Message Queue File System...
         Mounting POSIX Message Queue File System...
[   15.859929] systemd[1]: Starting Uncomplicated firewall...
         Starting Uncomplicated firewall...
[   15.874284] systemd[1]: Mounting Debug File System...
         Mounting Debug File System...
[   15.924468] systemd[1]: Starting Monitoring of LVM2 mirrors, snapshots etc. using dmeventd or progress polling...
         Starting Monitoring of LVM2 mirrors... dmeventd or progress polling...
[   15.972177] systemd[1]: Starting Journal Service...
         Starting Journal Service...
[   15.991720] systemd[1]: Starting Remount Root and Kernel File Systems...
         Starting Remount Root and Kernel File Systems...
[   16.010264] systemd[1]: Starting Nameserver information manager...
         Starting Nameserver information manager...
[   16.043593] systemd[1]: Starting Set console keymap...
         Starting Set console keymap...
[   16.089939] EXT4-fs (sda1): re-mounted. Opts: (null)
[   16.148131] systemd[1]: Starting Load Kernel Modules...
         Starting Load Kernel Modules...
[   16.175862] systemd[1]: Mounting Huge Pages File System...
         Mounting Huge Pages File System...
[   16.217122] systemd[1]: Created slice User and Session Slice.
[[0;32m  OK  [0m] Created slice User and Session Slice.
[   16.244359] systemd[1]: Reached target Slices.
[[0;32m  OK  [0m] Reached target Slices.
[   16.295279] systemd[1]: Created slice system-serial\x2dgetty.slice.
[[0;32m  OK  [0m] Created slice system-serial\x2dgetty.slice.
[   16.377570] systemd[1]: Starting Create list of required static device nodes for the current kernel...
         Starting Create list of required st... nodes for the current kernel...
[   16.413739] Loading iSCSI transport class v2.0-870.
[   16.435322] systemd[1]: Mounted Debug File System.
[[0;32m  OK  [0m] Mounted Debug File System.
[   16.447130] systemd[1]: Mounted Huge Pages File System.
[[0;32m  OK  [0m] Mounted Huge Pages File System.
[   16.452570] systemd[1]: Mounted POSIX Message Queue File System.
[[0;32m  OK  [0m] Mounted POSIX Message Queue File System.
[   16.467582] systemd[1]: Started Journal Service.
[[0;32m  OK  [0m] Started Journal Service.
[   16.476946] iscsi: registered transport (tcp)
[[0;32m  OK  [0m] Started Uncomplicated firewall.
[[0;32m  OK  [0m] Started Remount Root and Kernel File Systems.
[[0;32m  OK  [0m] Started Create list of required sta...ce nodes for the current kernel.
[[0;32m  OK  [0m] Started Nameserver information manager.
[   16.667532] iscsi: registered transport (iser)
[[0;32m  OK  [0m] Started Load Kernel Modules.
[[0;32m  OK  [0m] Started Set console keymap.
         Mounting FUSE Control File System...
         Starting Apply Kernel Variables...
[[0;32m  OK  [0m] Started LVM2 metadata daemon.
         Starting Create Static Device Nodes in /dev...
         Starting udev Coldplug all Devices...
         Starting Load/Save Random Seed...
         Starting Flush Journal to Persistent Storage...
[[0;32m  OK  [0m] Mounted FUSE Control File System.
[[0;32m  OK  [0m] Started Apply Kernel Variables.
[[0;32m  OK  [0m] Started Load/Save Random Seed.
[[0;32m  OK  [0m] Started Create Static Device Nodes in /dev.
[[0;32m  OK  [0m] Started Monitoring of LVM2 mirrors,...ng dmeventd or progress polling.
         Starting udev Kernel Device Manager...
[[0;32m  OK  [0m] Reached target Local File Systems (Pre).
[[0;32m  OK  [0m] Reached target Local File Systems.
         Starting Commit a transient machine-id on disk...
         Starting Initial cloud-init job (pre-networking)...
         Starting Set console font and keymap...
         Starting Tell Plymouth To Write Out Runtime Data...
         Starting LSB: AppArmor initialization...
[[0;32m  OK  [0m] Started Flush Journal to Persistent Storage.
[[0;32m  OK  [0m] Started udev Coldplug all Devices.
[[0;32m  OK  [0m] Started Commit a transient machine-id on disk.
[[0;32m  OK  [0m] Started Tell Plymouth To Write Out Runtime Data.
         Starting Create Volatile Files and Directories...
[[0;32m  OK  [0m] Started udev Kernel Device Manager.
[[0;32m  OK  [0m] Started Dispatch Password Requests to Console Directory Watch.
[[0;32m  OK  [0m] Started Create Volatile Files and Directories.
         Starting Update UTMP about System Boot/Shutdown...
[[0;32m  OK  [0m] Started Update UTMP about System Boot/Shutdown.
[[0;32m  OK  [0m] Found device /dev/ttyS0.
[[0;32m  OK  [0m] Listening on Load/Save RF Kill Switch Status /dev/rfkill Watch.
[[0;32m  OK  [0m] Started LSB: AppArmor initialization.
[[0;32m  OK  [0m] Started Set console font and keymap.
[[0;32m  OK  [0m] Created slice system-getty.slice.
[   21.624860] cloud-init[468]: Cloud-init v. 19.1-1-gbaa47854-0ubuntu1~16.04.1 running 'init-local' at Thu, 22 Aug 2019 17:45:22 +0000. Up 20.33 seconds.
[[0;32m  OK  [0m] Started Initial cloud-init job (pre-networking).
[[0;32m  OK  [0m] Reached target Network (Pre).
         Starting Raise network interfaces...
[[0;32m  OK  [0m] Started Raise network interfaces.
         Starting Initial cloud-init job (metadata service crawler)...
[[0;32m  OK  [0m] Reached target Network.
[   27.246361] cloud-init[956]: Cloud-init v. 19.1-1-gbaa47854-0ubuntu1~16.04.1 running 'init' at Thu, 22 Aug 2019 17:45:27 +0000. Up 24.60 seconds.
[   27.260896] cloud-init[956]: ci-info: ++++++++++++++++++++++++++++++++++++++Net device info++++++++++++++++++++++++++++++++++++++
[   27.277614] cloud-init[956]: ci-info: +--------+------+----------------------------+---------------+--------+-------------------+
[   27.323562] cloud-init[956]: ci-info: | Device |  Up  |          Address           |      Mask     | Scope  |     Hw-Address    |
[   27.400231] cloud-init[956]: ci-info: +--------+------+----------------------------+---------------+--------+-------------------+
[   27.424958] cloud-init[956]: ci-info: | enp0s3 | True |         10.0.2.15          | 255.255.255.0 | global | 02:52:2e:48:de:28 |
[   27.484282] cloud-init[956]: ci-info: | enp0s3 | True | fe80::52:2eff:fe48:de28/64 |       .       |  link  | 02:52:2e:48:de:28 |
[[0;32m  OK  [0m] Started Initial cloud-init job (metadata service crawler).
[[0;32m  OK  [0m] Reached target Network is Online.
[   27.505968] cloud-init[956]: ci-info: |   lo   | True |         127.0.0.1          |   255.0.0.0   |  host  |         .         |
[   27.556964]          cloud-initStarting iSCSI initiator daemon (iscsid)...[956]: 
ci-info: |   lo   | True |          ::1/128           |       .       |  host  |         .         |
[[0;32m  OK  [0m] Reached target Cloud-config availability.
[   27.575596] cloud-init[956]: ci-info: +--------+------+----------------------------+---------------+--------+-------------------+
[[0;32m  OK  [0m] Reached target System Initialization.
[[0;32m  OK  [0m] Listening on ACPID Listen Socket.
[[0;32m  OK  [0m] Started Daily Cleanup of Temporary Directories.
[   27.600335] cloud-init[956]: ci-info: +++++++++++++++++++++++++++Route IPv4 info++++++++++++++++++++++++++++
[   27.653422] cloud-init[956]: ci-info: +-------+-------------+----------+---------------+-----------+-------+
[[0;32m  OK  [0m] Started Daily apt download activities.
[   27.654131] cloud-init[956]: ci-info: | Route | Destination | Gateway  |    Genmask    | Interface | Flags |
[[0;32m  OK  [0m] Listening on D-Bus System Message Bus Socket.
[   27.659399] cloud-init[956]: ci-info: +-------+-------------+----------+---------------+-----------+-------+
[   27.688642] cloud-init[956]: ci-info: |   0   |   0.0.0.0   | 10.0.2.2 |    0.0.0.0    |   enp0s3  |   UG  |
[   27.689072] cloud-init[956]: ci-info: |   1   |   10.0.2.0  | 0.0.0.0  | 255.255.255.0 |   enp0s3  |   U   |
         Starting Socket activation for snappy daemon.
[   27.689688] cloud-init[956]: ci-info: +-------+-------------+----------+---------------+-----------+-------+
[   27.711872] cloud-init[956]: ci-info: +++++++++++++++++++Route IPv6 info+++++++++++++++++++
[[0;32m  OK  [0m] Listening on UUID daemon activation socket.
[   27.712439] cloud-init[956]: ci-info: +-------+-------------+---------+-----------+-------+
         Starting LXD - unix socket.
[   27.729924] cloud-init[956]: ci-info: | Route | Destination | Gateway | Interface | Flags |
[   27.756766] cloud-init[956]: ci-info: +-------+-------------+---------+-----------+-------+
[   27.767275] cloud-init[[0;32m  OK  [0m] Started ACPI Events Check.
[[0;32m  OK  [0m] Reached target Paths.
[[0;32m  OK  [0m] Started Daily apt upgrade and clean activities.
[[0;32m  OK  [0m] Reached target Timers.
[956]: ci-info: |   0   |  fe80::/64  |    ::   |   enp0s3  |   U   |
[   27.777199] cloud-init[956]: ci-info: |   4   |   ff00::/8  |    ::   |   enp0s3  |   U   |
[   27.791839] cloud-init[956]: ci-info: +-------+-------------+---------+-----------+-------+
[[0;32m  OK  [0m] Listening on Socket activation for snappy daemon.
[[0;32m  OK  [0m] Listening on LXD - unix socket.
[   27.803537] cloud-init[956]: Generating public/private rsa key pair.
[   27.825140] cloud-init[956]: Your identification has been saved in /etc/ssh/ssh_host_rsa_key.
[[0;32m  OK  [0m] Reached target Sockets.
[   27.864330] cloud-init[956]: Your public key has been saved in /etc/ssh/ssh_host_rsa_key.pub.
[[0;32m  OK  [0m] Reached target Basic System.
[   27.871725] cloud-init[956]: The key fingerprint is:
[   27.875167] cloud-init[956]: SHA256:5Ix7OEHoZqYu31gMYGako/rAYZeQZTngXlrNRQvvv70 root@ubuntu-xenial
[   27.877786] cloud-init[956]: The key's randomart image is:
[   27.884386] cloud-init[956]: +---[RSA 2048]----+
[   27.913512] cloud-init[956]: | o.o...o         |
         Starting Pollinate to seed the pseudo random number generator...
[   27.914227] cloud-init[956]: |+ +oo.+ .        |
[   27.948607] cloud-init[956]: |+B ooo.o.        |
[   27.955747] cloud-init[956]: |*o=....=         |
[   27.972691] cloud-init[956]: |.=.o= o.S        |
[[0;32m  OK  [0m[   27.982585] ] cloud-initStarted Regular background program processing daemon.[956]: 
|+ oB   +.        |
[   28.028059] cloud-init[956]: |o.. o + ..       |
[[0;32m  OK  [0m] Started ACPI event daemon.
[   28.028930] cloud-init[956]: |.+ +   o  o      |
[   28.065548] cloud-init[956]: | o= .    . E.    |
[   28.070744] cloud-init[956]: +----[SHA256]-----+
[   28.086365] cloud-init[956]: Generating public/private dsa key pair.
[[0;32m  OK  [0m] Started Deferred execution scheduler.
[   28.087042] cloud-init[956]: Your identification has been saved in /etc/ssh/ssh_host_dsa_key.
[   28.134064] cloud-init[956]: Your public key has been saved in /etc/ssh/ssh_host_dsa_key.pub.
[   28.139603] cloud-init[956]: The key fingerprint is:
[   28.165325] cloud-init[956]: SHA256:8CB4WTosL0O8f25U9YfrPiXTX17X9Q5ISjWDW/UsI3g root@ubuntu-xenial
[[0;32m  OK  [0m] Started FUSE filesystem for LXC.
[   28.165970] cloud-init[956]: The key's randomart image is:
         Starting Virtualbox guest utils...
[   28.199787] cloud-init[956]: +---[DSA 1024]----+
[   28.232681] cloud-init[956]: |      .    . ..  |
         Starting LSB: Record successful boot for GRUB...
[   28.240640] cloud-init[956]: | . o +    o.=  o |
[   28.260995] cloud-init[956]: |  = B o  ..=E+o o|
         [   28.297355] Starting System Logging Service...cloud-init
[956]: | . = o +. o.+..o.|
[   28.297745] cloud-init[956]: |  + .  .S. o =  +|
[   28.381201] cloud-init[956]: |   +  .   . = + *|
[   28.403146] cloud-init[956]: |    ...    . + =+|
         Starting Accounts Service...
[   28.440100] cloud-init[956]: |     o.     o   +|
         Starting LSB: MD monitoring daemon...
[   28.536505] cloud-init[956]: |     ..    ...   |
[   28.628585] cloud-init[956]: +----[SHA256]-----+
[   28.650894] cloud-init[956]: Generating public/private ecdsa key pair.
         Starting LXD - container startup/shutdown...
[   28.719332] cloud-init[956]: Your identification has been saved in /etc/ssh/ssh_host_ecdsa_key.
[[0;32m  OK  [0m] Started D-Bus System Message Bus.
[   28.802486] cloud-init[956]: Your public key has been saved in /etc/ssh/ssh_host_ecdsa_key.pub.
[   28.879848] cloud-init[956]: The key fingerprint is:
[   28.921337] cloud-init[956]: SHA256:B/8ZVpmiQ+YCTQv9Mx/xGdQofqVLQHR6KJ2WQOuoe+w root@ubuntu-xenial
[   28.971757] cloud-init[956]: The key's randomart image is:
[   28.992825] cloud-init[956]: +---[ECDSA 256]---+
[   29.052980] cloud-init[956]: |      ....ooo.oo |
[   29.060098] cloud-init[956]: |       +.. ++*ooo|
[   29.078228] cloud-init[956]: |      . +.=.O=== |
[   29.089449] cloud-init[956]: |       . O++o+*  |
[   29.134688] cloud-init[956]: |        S B+o+ . |
[   29.147380] cloud-init[956]: |       . o +.o.  |
[   29.149887] cloud-init[956]: |      ..    o    |
[   29.153100] cloud-init[956]: |       .o        |
[   29.180582] cloud-init[956]: |      .oE        |
[   29.223465] cloud-init[956]: +----[SHA256]-----+
         Starting /etc/rc.local Compatibility...
[   29.293210] cloud-init[956]: Generating public/private ed25519 key pair.
         Starting Login Service...
[   29.381272] cloud-init[956]: Your identification has been saved in /etc/ssh/ssh_host_ed25519_key.
[   29.447817] cloud-init[956]: Your public key has been saved in /etc/ssh/ssh_host_ed25519_key.pub.
[   29.481438] cloud-init[956]: The key fingerprint is:
[   29.534399] cloud-init[956]: SHA256:mnEwjdPEjlUqa8iRP80baIsJE7SUTa1ehpWT7T91WmQ root@ubuntu-xenial
[   29.564578]          Starting Snappy daemon...
cloud-init[956]: The key's randomart image is:
[   29.569618] cloud-init[956]: +--[ED25519 256]--+
[   29.583861] cloud-init[956]: |  o+.. =...      |
[   29.593000] cloud-init[956]: | o....*=+.    E  |
[   29.604725] cloud-init[956]: |  o o+**+    o   |
[   29.605664] cloud-init[956]: |   oo++Xo   . o  |
[   29.606404] cloud-init[956]: |  o.ooO S. . +   |
[[0;32m  OK  [0m] Started System Logging Service.
[   29.612073] cloud-init[956]: |   o.= B oo .    |
[   29.785788] cloud-init[956]: |    o + .  .     |
[[0;32m  OK  [0m] Started iSCSI initiator daemon (iscsid).
[   29.818933] cloud-init[956]: |                 |
[   29.829179] cloud-init[956]: |                 |
[   29.841048] cloud-init[956]: +----[SHA256]-----+[[0;32m  OK  [0m] Started /etc/rc.local Compatibility.

         Starting Authenticate and Authorize Users to Run Privileged Tasks...
         Starting Login to default iSCSI targets...
[[0;32m  OK  [0m] Started Login Service.
[[0;32m  OK  [0m] Started Unattended Upgrades Shutdown.
[[0;32m  OK  [0m] Started LSB: MD monitoring daemon.
[[0;32m  OK  [0m] Started LSB: Record successful boot for GRUB.
[[0;32m  OK  [0m] Started Authenticate and Authorize Users to Run Privileged Tasks.
[[0;32m  OK  [0m] Started Accounts Service.
[[0;32m  OK  [0m] Started Login to default iSCSI targets.
[[0;32m  OK  [0m] Reached target Remote File Systems (Pre).
[[0;32m  OK  [0m] Reached target Remote File Systems.
         Starting LSB: Set the CPU Frequency Scaling governor to "ondemand"...
         Starting LSB: automatic crash report generation...
         Starting LSB: daemon to balance interrupts for SMP systems...
         Starting Permit User Sessions...
[[0;32m  OK  [0m] Started LXD - container startup/shutdown.
[[0;32m  OK  [0m] Started Permit User Sessions.
         Starting Terminate Plymouth Boot Screen...
         Starting Hold until boot process finishes up...
[[0;32m  OK  [0m] Started Hold until boot process finishes up.
[[0;32m  OK  [0m] Started Virtualbox guest utils.
[[0;32m  OK  [0m] Started Terminate Plymouth Boot Screen.
         Starting Set console scheme...
[[0;32m  OK  [0m] Started Serial Getty on ttyS0.
[[0;32m  OK  [0m] Started Getty on tty1.
[[0;32m  OK  [0m] Reached target Login Prompts.
[[0;32m  OK  [0m] Started LSB: Set the CPU Frequency Scaling governor to "ondemand".
[[0;32m  OK  [0m] Started Set console scheme.
[[0;32m  OK  [0m] Started LSB: automatic crash report generation.
[[0;32m  OK  [0m] Started Pollinate to seed the pseudo random number generator.
         Starting OpenBSD Secure Shell server...
[[0;32m  OK  [0m] Started LSB: daemon to balance interrupts for SMP systems.
[[0;32m  OK  [0m] Started OpenBSD Secure Shell server.
[[0;32m  OK  [0m] Started Snappy daemon.
         Starting Wait until snapd is fully seeded...
[[0;32m  OK  [0m] Created slice User Slice of vagrant.
         Starting User Manager for UID 1000...
[[0;32m  OK  [0m] Started Session 1 of user vagrant.
[[0;32m  OK  [0m] Started User Manager for UID 1000.
[[0;32m  OK  [0m] Started Wait until snapd is fully seeded.
         Starting Apply the settings specified in cloud-config...
[[0;32m  OK  [0m] Reached target Multi-User System.
[[0;32m  OK  [0m] Reached target Graphical Interface.
         Starting Update UTMP about System Runlevel Changes...
[[0;32m  OK  [0m] Started Update UTMP about System Runlevel Changes.

Ubuntu 16.04.6 LTS ubuntu-xenial ttyS0

ubuntu-xenial login: [   39.022458] cloud-init[1396]: Generating locales (this might take a while)...
[   48.313982] cloud-init[1396]:   en_US.UTF-8... done
[   48.538567] cloud-init[1396]: Generation complete.
[   58.318011] cloud-init[1396]: Cloud-init v. 19.1-1-gbaa47854-0ubuntu1~16.04.1 running 'modules:config' at Thu, 22 Aug 2019 17:45:40 +0000. Up 37.92 seconds.
ci-info: no authorized ssh keys fingerprints found for user ubuntu.
<14>Aug 22 17:46:02 ec2: 
<14>Aug 22 17:46:02 ec2: #############################################################
<14>Aug 22 17:46:02 ec2: -----BEGIN SSH HOST KEY FINGERPRINTS-----
<14>Aug 22 17:46:02 ec2: 1024 SHA256:8CB4WTosL0O8f25U9YfrPiXTX17X9Q5ISjWDW/UsI3g root@ubuntu-xenial (DSA)
<14>Aug 22 17:46:02 ec2: 256 SHA256:B/8ZVpmiQ+YCTQv9Mx/xGdQofqVLQHR6KJ2WQOuoe+w root@ubuntu-xenial (ECDSA)
<14>Aug 22 17:46:02 ec2: 256 SHA256:mnEwjdPEjlUqa8iRP80baIsJE7SUTa1ehpWT7T91WmQ root@ubuntu-xenial (ED25519)
<14>Aug 22 17:46:02 ec2: 2048 SHA256:5Ix7OEHoZqYu31gMYGako/rAYZeQZTngXlrNRQvvv70 root@ubuntu-xenial (RSA)
<14>Aug 22 17:46:02 ec2: -----END SSH HOST KEY FINGERPRINTS-----
<14>Aug 22 17:46:02 ec2: #############################################################
-----BEGIN SSH HOST KEY KEYS-----
ecdsa-sha2-nistp256 AAAAE2VjZHNhLXNoYTItbmlzdHAyNTYAAAAIbmlzdHAyNTYAAABBBB3dWAZGnFTOjFHUaXCfSIUeqD1/t8to/8q+dT643VL+rb+qtBfI1N7+lY2mBSj/nRQ9rhnVRfpAyvxMYj0deBE= root@ubuntu-xenial
ssh-ed25519 AAAAC3NzaC1lZDI1NTE5AAAAIDB16iGsaXzC43mEPRp9UzTlvFqjZwPzK6Ehw9AmePqT root@ubuntu-xenial
ssh-rsa AAAAB3NzaC1yc2EAAAADAQABAAABAQCsl57JeETJzvKpGrTzxV9snB/r5l6dr+VU3/Ttc930OKQfujHGrzjX2tM59mzGlKSTWfwLOcvDXsTs6+CbdLibWpGb+T8GJFeW/axgQ48g1FBexAQNdetg/UGw1opGEQGQ+jGbjCOSFf1U6fmUHyyvK7xD9wPDcn5B3aH7wA7tA38PvhI3HDiM82qBj10dwuqsqbi0BAE+dATMStFZTXLGY5RLfu/IJNpNK3bnb4D0CozQApFQwN/RHJHMKD6VxxEumaFYltAeXcusaG9PhqP4f15STDMctWi/1aXNUfLuiWjjoRmLFawWa0auJMmUA9oTaNIkBKzVaC5Vstf6bd0d root@ubuntu-xenial
-----END SSH HOST KEY KEYS-----
[   59.923275] cloud-init[1452]: Cloud-init v. 19.1-1-gbaa47854-0ubuntu1~16.04.1 running 'modules:final' at Thu, 22 Aug 2019 17:46:01 +0000. Up 59.21 seconds.
[   59.924004] cloud-init[1452]: ci-info: no authorized ssh keys fingerprints found for user ubuntu.
[   59.924656] cloud-init[1452]: Cloud-init v. 19.1-1-gbaa47854-0ubuntu1~16.04.1 finished at Thu, 22 Aug 2019 17:46:02 +0000. Datasource DataSourceNoCloud [seed=/dev/sdb][dsmode=net].  Up 59.89 seconds
