[    0.000000] Initializing cgroup subsys cpuset
[    0.000000] Initializing cgroup subsys cpu
[    0.000000] Initializing cgroup subsys cpuacct
[    0.000000] Linux version 4.4.0-159-generic (buildd@lgw01-amd64-042) (gcc version 5.4.0 20160609 (Ubuntu 5.4.0-6ubuntu1~16.04.10) ) #187-Ubuntu SMP Thu Aug 1 16:28:06 UTC 2019 (Ubuntu 4.4.0-159.187-generic 4.4.185)
[    0.000000] Command line: BOOT_IMAGE=/boot/vmlinuz-4.4.0-159-generic root=LABEL=cloudimg-rootfs ro console=tty1 console=ttyS0
[    0.000000] KERNELsupported cpus:
[    0.000000]   Intel GenuineIntel
[    0.000000]   AMD AuthenticAMD
[    0.000000]   Centaur CentaurHauls
[    0.000000] x86/fpu: Legacy x87 FPU detectd.
[    0.000000] e820: BIOS-provided physical RAM map:
[    0.000000] BIOS-e820: [mem 0x0000000000000000-0x000000000009fbff] usable
[    .00000] IOS-e820: [mem 0x000000000009fc00-0x000000000009ffff] reserved
[    0.000000] BIOS-e820: [mem 0x00000000000f0000-0x00000000000fffff] reserved
[    0.000000] BIOS-e820: [mem 0x0000000000100000-0x000000003ffeffff] usable
[    0.000000] BIOS-e820: [mem 0x000000003fff0000-0x000000003fffffff] CPI data
    0.000000] BIOS-e820: [mem 0x00000000fec00000-0x00000000fec00fff] reserved
[    0.000000] BIOS-e820: [mem 0x00000000fee00000-0x00000000fee00fff] reserved
[    0.000000] BIOS-e820: [mem 0x00000000fffc0000-0x00000000ffffffff] reserved
[    0.000000] NX (Execute Disable) protection: active
[    0.000000] SMBIOS 2.5 present.
[    0.000000] Hypervisor detected: KVM
[    0.000000] e820: last_pfn = 0x3fff0 max_arch_pfn = 0x400000000
[    0.000000] MTRR: Disabled
[    0.000000] x86/PAT: MTRRs disabled, skipping PAT initialization too.
[    0.000000] CPU MTRRs all blank - virtualized system.
[    0.000000] x86/PAT: Configuration [0-7]: WB  WT  UC- UC  WB  WT  UC- UC  
[    0.000000] found SMP MP-table at [mem 0x0009fff0-0x0009ffff] mapped at [ffff88000009fff0]
[    0.000000] Scanning 1 areas for low memory corruption
[    0.000000] RAMDISK: [mem 0x362f8000-0x37173fff]
[    0.000000] ACPI: Early table checksum verification disabled
[    0.000000] ACPI: RSDP 0x00000000000E0000 000024 (v02 VBOX  )
[    0.000000] ACPI: XSDT 0x000000003FFF0030 00003C (v01 VBOX   VBOXXSDT 00000001 ASL  00000061)
[    0.000000] ACPI: FACP 0x000000003FFF00F0 0000F4 (v04 VBOX   VBOXFACP 00000001 ASL  00000061)
[    0.000000] ACPI: DSDT 0x000000003FFF0470 0021FF (v02 VBOX   VBOXBIOS 00000002 INTL 20180105)
[    0.000000] ACPI: FACS 0x000000003FFF0200 000040
[    0.000000] ACPI: FACS 0x000000003FFF0200 000040
[    0.000000] ACPI: APIC 0x000000003FFF0240 00005C (v02 VBOX   VBOXAPIC 00000001 ASL  00000061)
[    0.000000] ACPI: SSDT 0x000000003FFF02A0 0001CC (v01 VBOX   VBOXCPUT 00000002 INTL 20180105)
[    0.000000] No NUMA configuration found
[    0.000000] Faking a node at [mem 0x0000000000000000-0x000000003ffeffff]
[    0.000000] NODE_DATA(0) allocated [mem 0x3ffeb000-0x3ffeffff]
[    0.000000] kvm-clock: Using msrs 4b564d01 and 4b564d00
[    0.000000] kvm-clock: cpu 0, msr 0:3ffe3001, primary cpu clock
[    0.000000] kvm-clock: using sched offset of 4867711406 cycles
[    0.000000] clocksource: kvm-clock: mask: 0xffffffffffffffff max_cycles: 0x1cd42e4dffb, max_idle_ns: 881590591483 ns
[    0.000000] Zone ranges:
[    0.000000]   DMA      [mem 0x0000000000001000-0x0000000000ffffff]
[    0.000000]   DMA32    [mem 0x0000000001000000-0x000000003ffeffff]
[    0.000000]   Normal   empty
[    0.000000]   Device   empty
[    0.000000] Movable zone start for each node
[    0.000000] Early memory node ranges
[    0.000000]   node   0: [mem 0x0000000000001000-0x000000000009efff]
[    0.000000]   node   0: [mem 0x0000000000100000-0x000000003ffeffff]
[    0.000000] Initmem setup node 0 [mem 0x0000000000001000-0x000000003ffeffff]
[    0.000000] ACPI: PM-Timer IO Port: 0x4008
[    0.000000] IOAPIC[0]: apic_id 2, version 32, address 0xfec00000, GSI 0-23
[    0.000000] ACPI: INT_SRC_OVR (bus 0 bus_irq 0 global_irq 2 dfl dfl)
[    0.000000] ACPI: INT_SRC_OVR (bus 0 bus_irq 9 global_irq 9 low level)
[    0.000000] Using ACPI (MADT) for SMP configuration information
[    0.000000] smpboot: Allowing 2 CPUs, 0 hotplug CPUs
[    0.000000] PM: Registered nosave memory: [mem 0x00000000-0x00000fff]
[    0.000000] PM: Registered nosave memory: [mem 0x0009f000-0x0009ffff]
[    0.000000] PM: Registered nosave memory: [mem 0x000a0000-0x000effff]
[    0.000000] PM: Registered nosave memory: [mem 0x000f0000-x000ffff]
[    0.000000] e820: [mem 0x40000000-0xfebfffff] available for PCI devices
[    0.000000] Booting paravirtualized kernel on KVM
[    0.000000] clocksource: refined-jiffies: mask: 0xffffffff max_cycles: 0xffffffff, max_idle_ns: 7645519600211568 ns
[   0.000000] setup_percpu: NR_CPUS:512 nr_cpumask_bits:512 nr_cpu_ids:2 nr_node_ids:1
[    0.000000] PERCPU: Embedded 34 pages/cpu @ffff88003fc00000 s99544 r8192 d31528 u1048576
[    0.000000] Built 1 zonelists in Node order, mobility grouping on.  Total pages: 257912
[    0.000000] Policy zone: DMA32
[    0.000000] Kernel command line: BOOT_IMAGE=/boot/vmlinuz-4.4.0-159-generic root=LABEL=cloudimg-rootfs ro console=tty1 console=ttyS0
[    0.000000] PD hash table entries: 4096 (order: 3, 32768 bytes)
[    0.000000] Memory: 997724K/1048120K available (8618K kernel code, 1335K rwdata, 4032K rodata, 1488K init, 1284K bss, 50396K reserved, 0K cma-reserved)
[    0.000000] SLUB: HWalign=64, Order=0-3, MinObjects=0, CPUs=2, Nodes=1
[    0.000000] Kernel/UUser page tables isolation: enabled
[    0.000000] Hierarchical RCU implementation.
[    0.000000] 	Build-time adjustment of leaf fanout to 64.
[   0.000000] 	RCU restricting CPUs from NR_CPUS=512 to nr_cpu_ids=2.
[    0.00000] RCU: Adjusting geometry for rcu_fanout_leaf=64, nr_cpu_ids=2
[    0.000000] NR_IRQS:33024 nr_irqs:440 16
[    0.000000] Console: colour VGA+ 80x25
[    0.000000] console [tty1] enabled
[    0.000000] console [ttyS0] enabled

[    0.000000] tsc: Detected 2992.498 MHz processor
[    2.447269] Calibrating delay loop (skipped) preset value.. 5984.99 BogoMIPS (lpj=11969992)
[    2.450160] pid_max: default: 32768 minimum: 301
[    2.451681] ACPI: Core revision 20150930
[    2.454331] ACPI: 2 ACPI AML tables successfully acquired and loaded
[    2.456462] Security Framework initialized
[    2.457872] Yama: becoming mindful.
[    2.459249] AppArmor: AppArmor initialized
[    2.460816] Dentry cache hash table entries: 131072 (order: 8, 1048576 bytes)
[    2.463409] Inode-cache hash table entries: 65536 (order: 7, 524288 bytes)
[    2.465672] Mount-cache hash table entries: 2048 (order: 2, 16384 bytes)
[    2.467642] Mountpoint-cache hash table entries: 2048 (order: 2, 16384 bytes)
[    2.470478] Initializing cgroup subsys io
[    2.471869] Initializing cgroup subsys memory
[    2.473350] Initializing cgroup subsys devices
[    2.474853] Initializing croup subsys freezer
[    2.526884] Initializing cgroup subsys net_cls
[    2.528385] Initializing cgroup subsys perf_event
[    2.548917] Initializing cgroup subsys net_prio
[    2.550447] Initializing cgroup subsys hugetlb
[    2.551942] Initializing cgroup subsys pids
[    2.553502] mce: CPU supports 0 MCE banks
[    2.554957] Last level iTLB entries: 4KB 128, 2MB 4, 4MB 4
[    2.556701] Last level dTLB entries: 4KB 256, 2MB 0, 4MB 32, 1GB 0
[    2.558580] Spectre V1 : Mitigation: usercopy/swapgs barriers and __user pointer sanitization
[    2.561425] Spectre V2 : Mitigation: Full generic retpoline
[    2.622716] Spectre V2 : Spectre v2 / SpectreRSB mitigation: Filling RSB on context switch
[    2.625495] Speculative Store Bypass: Vulnerable
[    2.627815] MDS: Vulnerable: Clear CPU buffers attempted, no microcode
[    2.638593] Freeing SMP alternatives memory: 36K
[    2.647726] ftrace: allocating 32318 entries in 127 pages
[    2.717502] smpboot: APIC(0) Converting physical 0 to logical package 0
[    2.745594] smpboot: Max logical packages: 1
[    2.758996] x2apic enabled
[    2.763238] Switched APIC routing to physical x2apic.
[    2.828037] ..TIMER: vector=0x30 apic1=0 pin1=2 apic2=-1 pin2=-1
[    3.000943] smpboot: CPU0: Intel(R) Core(TM)2 Duo CPU     E8400  @ 3.00GHz (family: 0x6, model: 0x17, stepping: 0xa)
[    3.091037] Performance Events: unsupported p6 CPU model 23 no PMU driver, software events only.
[    3.216375] KVM setup paravirtual spinlock
[    3.307262] x86: Booting SMP configuration:
[    3.308694] .... node  #0, CPUs:      #1
[    3.361783] kvm-clock: cpu 1, msr 0:3ffe3041, secondary cpu clock
[    3.373663] mce: CPU supports 0 MCE banks
[    3.376857] x86: Booted up 1 node, 2 CPUs
[    3.378739] smpboot: Total of 2 processors activated (11969.99 BogoMIPS)
[    3.381323] devtmpfs: initialized
[    3.386186] evm: security.selinux
[    3.387444] evm: security.SMACK64
[    3.388690] evm: security.SMACK64EXEC
[    3.389998] evm: security.SMACK64TRANSMUTE
[    3.391440] evm: security.SMACK64MMAP
[    3.392772] evm: security.ima
[    3.393950] evm: security.capability
[    3.395458] clocksource: jiffies: mask: 0xffffffff max_cycles: 0xffffffff, max_idle_ns: 7645041785100000 ns
[    3.398587] futex hash table entries: 512 (order: 3, 32768 bytes)
[    3.400617] pinctrl core: initialized pinctrl subsystem
[    3.402467] RTC time: 15:56:04, date: 08/22/19
[    3.404367] NET: Registered protocol family 16
[    3.417083] cpuidle: using governor ladder
[    3.429158] cpuidle: using governor menu
[    3.430588] PCCT header not found.
[    3.460945] ACPI: bus type PCI registered
[    3.462346] acpiphp: ACPI Hot Plug PCI Controller Driver version: 0.5
[    3.464371] PCI: Using configuration type 1 for base access
[    3.477619] ACPI: Added _OSI(Module Device)
[    3.479055] ACPI: Added _OSI(Processor Device)
[    3.480528] ACPI: Added _OSI(3.0 _SCP Extensions)
[    3.482084] ACPI: Added _OSI(Processor Aggregator Device)
[    3.484601] ACPI: Executed 1 blocks of module-level executable AML code
[    3.489183] ACPI: Interpreter enabled
[    3.490534] ACPI: (supports S0 S5)
[    3.491827] ACPI: Using IOAPIC for interrupt routing
[    3.493616] PCI: Using host bridge windows from ACPI; if necessary, use "pci=nocrs" and report a bug
[    3.501177] ACPI: PCI Root Bridge [PCI0] (domain 0000 [bus 00-ff])
[    3.503037] acpi PNP0A03:00: _OSC: OS supports [ASPM ClockPM Segments MSI]
[    3.505054] acpi PNP0A03:00: _OSC: not requesting OS control; OS requires [ExtendedConfig ASPM ClockPM MSI]
[    3.508123] acpi PNP0A03:00: fail to add MMCONFIG information, can't access extended PCI configuration space under this bridge.
[    3.592619] PCI host bridge to bus 0000:00
[    3.654026] pci_bus 0000:00: root bus resource [io  0x0000-0x0cf7 window]
[    3.670395] pci_bus 0000:00: root bus resource [io  0x0d00-0xffff window]
[    3.672404] pci_bus 0000:00: root bus resource [mem 0x000a0000-0x000bffff window]
[    3.761568] pci_bus 0000:00: root bus resource [mem 0x40000000-0xfdffffff window]
[    3.853243] pci_bus 0000:00: root bus resource [bus 00-ff]
[    3.943141] pci 0000:00:01.1: legacy IDE quirk: reg 0x10: [io  0x01f0-0x01f7]
[    3.945200] pci 0000:00:01.1: legacy IDE quirk: reg 0x14: [io  0x03f6]
[    3.947128] pci 0000:00:01.1: legacy IDE quirk: reg 0x18: [io  0x0170-0x0177]
[    3.949170] pci 0000:00:01.1: legacy IDE quirk: reg 0x1c: [io  0x0376]
[    3.974410] pci 0000:00:07.0: quirk: [io  0x4000-0x403f] claimed by PIIX4 ACPI
[    3.982415] pci 0000:00:07.0: quirk: [io  0x4100-0x410f] claimed by PIIX4 SMB
[    3.998744] ACPI: PCI Interrupt Link [LNKA] (IRQs 5 9 10 *11)
[    4.025294] ACPI: PCI Interrupt Link [LNKB] (IRQs 5 9 *10 11)
[    4.027808] ACPI: PCI Interrupt Link [LNKC] (IRQs 5 *9 10 11)
[    4.058578] ACPI: PCI Interrupt Link [LNKD] (IRQs 5 9 10 *11)
[    4.125152] ACPI: Enabled 2 GPEs in block 00 to 07
[    4.127857] vgaarb: setting as boot device: PCI:0000:00:02.0
[    4.129612] vgaarb: device added: PCI:0000:00:02.0,decodes=io+mem,owns=io+mem,locks=none
[    4.132384] vgaarb: loaded
[    4.133509] vgaarb: bridge control possible 0000:00:02.0
[    4.135823] SCSI subsystem initialized
[    4.137656] ACPI: bus type USB registered
[    4.139113] usbcore: registered new interface driver usbfs
[    4.140831] usbcore: registered new interface driver hub
[    4.142543] usbcore: registered new device driver usb
[    4.221758] PCI: Using ACPI for IRQ routing
[    4.223910] NetLabel: Initializing
[    4.272110] NetLabel:  domain hash size = 128
[    4.273593] NetLabel:  protocols = UNLABELED CIPSOv4
[    4.275239] NetLabel:  unlabeled traffic allowed by default
[    4.358344] amd_nb: Cannot enumerate AMD northbridges
[    4.377907] clocksource: Switched to clocksource kvm-clock
[    4.399055] AppArmor: AppArmor Filesystem Enabled
[    4.572652] pnp: PnP ACPI init
[    4.708791] pnp: PnP ACPI: found 3 devices
[    4.721819] clocksource: acpi_pm: mask: 0xffffff max_cycles: 0xffffff, max_idle_ns: 2085701024 ns
[    4.724825] NET: Registered protocol family 2
[    4.726854] TCP established hash table entries: 8192 (order: 4, 65536 bytes)
[    4.728987] TCP bind hash table entries: 8192 (order: 5, 131072 bytes)
[    4.730987] TCP: Hash tables configured (established 8192 bind 8192)
[    4.732957] UDP hash table entries: 512 (order: 2, 16384 bytes)
[    4.734802] UDP-Lite hash table entries: 512 (order: 2, 16384 bytes)
[    4.736798] NET: Registered protocol family 1
[    4.738318] pci 0000:00:00.0: Limiting direct PCI/PCI transfers
[    4.740142] pci 0000:00:01.0: Activating ISA DMA hang workarounds
[    4.742251] Unpacking initramfs...
[  4.985814] Freeing initrd memory: 14832K
[    5.046301] clocksource: tsc: mask: 0xffffffffffffffff max_cycles: 0x2b2296bc2b9, max_idle_ns: 440795321505 ns
[    5.049493] platform rtc_cmos: registered platform RTC device (no PNP device found)
[    5.052218] Scanning for low memory corruption every 60 seconds

[    5.055338] audit: initializing netlink subsys (disabled)
[    5.057141] audit: type=2000 audit(1566489368.941:1): initialized
[    5.125044] Initialise system trusted keyring
[    5.126856] HugeTLB registered 2 MB page size, pre-allocated 0 pages
[   5.13847] zbud: loaded
[    5.263003] VFS: Disk quotas dquot_6.6.0
[    5.264453] VFS: Dquot-cache hash table entries: 512 (order 0, 4096 bytes)
[    5.266866] squashfs: version 4.0 (2009/01/31) Phillip Lougher
[    5.269120] fuse init (API version 7.23)
[    5.270774] Key type big_key registered
[    5.272207] Allocating IMA MOK and blacklist keyrings.
[    5.276172] Key type asymmetric registered
[    5.277605] Asymmetric key parser 'x509' registered
[    5.322589] Block layer SCSI generic (bsg) driver version 0.4 loaded (major 249)
[    5.325305] io scheduler noop registered
[    5.326722] io scheduler deadline registered (default)
[    5.328402] io scheduler cfq registered
[    5.329924] pci_hotplug: PCI Hot Plug PCI Core version: 0.5
[    5.383987] pciehp: PCI Express Hot Plug Controller Driver version: 0.4
[    5.386158] ACPI: AC Adapter [AC] (on-line)
[    5.387672] input: Power Button as /devices/LNXSYSTM:00/LNXPWRBN:00/input/input0
[    5.390296] ACPI: Power Button [PWRF]
[    5.391702] input: Sleep Button as /devices/LNXSYSTM:00/LNXSLPBN:00/input/input1
[    5.394310] ACPI: Sleep Button [SLPF]
[    5.395908] GHES: HEST is not enabled!
[    5.397449] Serial: 8250/16550 driver, 32 ports, IRQ sharing enabled
[    5.469796] 00:02: ttyS0 at I/O 0x3f8 (irq = 4, base_baud = 115200) is a 16550A
[    5.476343] Linux agpgart interface v0.103
[    5.480639] loop: module loaded
[    5.482873] scsi host0: ata_piix
[    5.484338] scsi host1: ata_piix
[    5.562950] ata1: PATA max UDMA/33 cmd 0x1f0 ctl 0x3f6 bmdma 0xd000 irq 14
[    5.593273] ata2: PATA max UDMA/33 cmd 0x170 ctl 0x376 bmdma 0xd008 irq 15
[    5.595706] libphy: Fixed MDIO Bus: probed
[    5.612983] tun: Universal TUN/TAP device driver, 1.6
[    5.614834] tun: (C) 1999-2004 Max Krasnyansky <maxk@qualcomm.com>
[    5.616837] PPP generic driver version 2.4.2
[    5.652836] ehci_hcd: USB 2.0 'Enhanced' Host Controller (EHCI) Driver
[    5.673755] ehci-pci: EHCI PCI platform driver
[    5.675407] ehci-platform: EHCI generic platform driver
[    5.733036] ohci_hcd: USB 1.1 'Open' Host Controller (OHCI) Driver
[    5.743175] ohci-pci: OHCI PCI platform driver
[    5.744780] ohci-platform: OHCI generic platform driver
[    5.773097] uhci_hcd: USB Universal Host Controller Interface driver
[    5.775352] i8042: PNP: PS/2 Controller [PNP0303:PS2K,PNP0f03:PS2M] at 0x60,0x64 irq 1,12
[    5.778992] serio: i8042 KBD port at 0x60,0x64 irq 1
[    5.780691] serio: i8042 AUX port at 0x60,0x64 irq 12
[    5.833055] mousedev: PS/2 mouse device common for all mice
[    5.854222] input: AT Translated Set 2 keyboard as /devices/platform/i8042/serio0/input/input2
[    5.857440] rtc_cmos rtc_cmos: rtc core: registered rtc_cmos as rtc0
[    5.903067] rtc_cmos rtc_cmos: alarms up to one day, 114 bytes nvram
[    5.905063] i2c /dev entries driver
[    5.952770] device-mapper: uevent: version 1.0.3
[    5.954571] device-mapper: ioctl: 4.34.0-ioctl (2015-10-28) initialised: dm-devel@redhat.com
[    5.957537] ledtrig-cpu: registered to indicate activity on CPUs
[    6.003895] NET: Registered protocol family 10
[    6.006167] NET: Registered protocol family 17
[    6.007759] Key type dns_resolver registered
[    6.009682] registered taskstats version 1
[    6.052696] Loading compiled-in X.509 certificates
[    6.055437] Loaded X.509 cert 'Build time autogenerated kernel key: d14182f9795b80ec340f636a5a08bf5817ccd8e7'
[    6.058786] zswap: loaded using pool lzo/zbud
[    6.073536] Key type trusted registered
[    6.109549] Key type encrypted registered
[    6.111134] AppArmor: AppArmor sha1 policy hashing enabled
[    6.112956] ima: No TPM chip found, activating TPM-bypass!
[    6.143097] ima: Allocated hash algorithm: sha1
[    6.144799] evm: HMAC attrs: 0x1
[    6.146525]   Magic number: 15:148:943
[    6.147968] tty tty0: hash matches
[    6.149303] tty console: hash matches
[    6.152999] rtc_cmos rtc_cmos: setting system clock to 2019-08-22 15:56:07 UTC (1566489367)
[    6.173554] BIOS EDD facility v0.16 2004-Jun-25, 0 devices found
[    6.175544] EDD information not available.
[    6.182867] Freeing unused kernel memory: 1488K
[    6.201985] Write protecting the kernel read-only data: 14336k
[    6.217769] Freeing unused kernel memory: 1608K
[    6.219715] Freeing unused kernel memory: 64K
Loading, please wait...
starting version 229
[    6.400681] random: systemd-udevd: uninitialized urandom read (16 bytes read, 2 bits of entropy available)
[    6.407503] random: systemd-udevd: uninitialized urandom read (16 bytes read, 2 bits of entropy available)
[    6.411545] random: udevadm: uninitialized urandom read (16 bytes read, 2 bits of entropy available)
[    6.411675] random: udevadm: uninitialized urandom read (16 bytes read, 2 bits of entropy available)
[    6.422634] random: systemd-udevd: uninitialized urandom read (16 bytes read, 2 bits of entropy available)
[    6.427710] random: systemd-udevd: uninitialized urandom read (16 bytes read, 2 bits of entropy available)
[    6.459873] random: systemd-udevd: uninitialized urandom read (16 bytes read, 2 bits of entropy available)
[    6.464884] random: systemd-udevd: uninitialized urandom read (16 bytes read, 2 bits of entropy available)
[    6.469847] random: systemd-udevd: uninitialized urandom read (16 bytes read, 2 bits of entropy available)
[    6.481522] random: systemd-udevd: uninitialized urandom read (16 bytes read, 2 bits of entropy available)
[    6.776956] Fusion MPT base driver 3.04.20
[    6.793291] Copyright (c) 1999-2008 LSI Corporation
[    6.798736] e1000: Intel(R) PRO/1000 Network Driver - version 7.3.21-k8-NAPI
[    6.802300] e1000: Copyright (c) 1999-2006 Intel Corporation.
[    6.846849] Fusion MPT SPI Host driver 3.04.20
[    7.045717] input: ImExPS/2 Generic Explorer Mouse as /devices/platform/i8042/serio1/input/input4
[    7.753455] e1000 0000:00:03.0 eth0: (PCI:33MHz:32-bit) 02:52:2e:48:de:28
[    7.760607] e1000 0000:00:03.0 eth0: Intel(R) PRO/1000 Network Connection
[    7.764072] mptbase: ioc0: Initiating bringup
[    7.767143] e1000 0000:00:03.0 enp0s3: renamed from eth0
[    8.387348] ioc0: LSI53C1030 A0: Capabilities={Initiator}
[   10.139849] scsi host2: ioc0: LSI53C1030 A0, FwRev=00000000h, Ports=1, MaxQ=256, IRQ=20
[   10.736359] scsi 2:0:0:0: Direct-Access     VBOX     HARDDISK         1.0  PQ: 0 ANSI: 5
[   10.787223] scsi target2:0:0: Beginning Domain Validation
[   10.795759] scsi target2:0:0: Domain Validation skipping write tests
[   10.802556] scsi target2:0:0: Ending Domain Validation
[   10.807862] scsi target2:0:0: asynchronous
[   10.814890] scsi 2:0:1:0: Direct-Access     VBOX     HARDDISK         1.0  PQ: 0 ANSI: 5
[   10.823067] scsi target2:0:1: Beginning Domain Validation
[   10.825781] scsi target2:0:1: Domain Validation skipping write tests
[   10.828616] scsi target2:0:1: Ending Domain Validation
[   10.830380] scsi target2:0:1: asynchronous
[   10.845085] sd 2:0:0:0: Attached scsi generic sg0 type 0
[   10.848052] sd 2:0:0:0: [sda] 20971520 512-byte logical blocks: (10.7 GB/10.0 GiB)
[   10.848346] sd 2:0:1:0: Attached scsi generic sg1 type 0
[   10.848550] sd 2:0:1:0: [sdb] 20480 512-byte logical blocks: (10.5 MB/10.0 MiB)
[   10.848707] sd 2:0:1:0: [sdb] Write Protect is off
[   10.848804] sd 2:0:1:0: [sdb] Incomplete mode parameter data
[   10.848806] sd 2:0:1:0: [sdb] Assuming drive cache: write through
[   10.876775] sd 2:0:1:0: [sdb] Attached SCSI disk
[   10.934912] sd 2:0:0:0: [sda] Write Protect is off
[   10.936643] sd 2:0:0:0: [sda] Incomplete mode parameter data
[   10.938514] sd 2:0:0:0: [sda] Assuming drive cache: write through
[   10.946399]  sda: sda1
[   10.948859] sd 2:0:0:0: [sda] Attached SCSI disk
Begin: Loading essential drivers ... [   13.306025] md: linear personality registered for level -1
[   13.336047] md: multipath personality registered for level -4
[   13.356401] md: raid0 personality registered for level 0
[   13.387253] md: raid1 personality registered for level 1
[   13.481945] raid6: sse2x1   gen()  4513 MB/s
[   13.553925] raid6: sse2x1   xor()  4710 MB/s
[   13.621981] raid6: sse2x2   gen()  5649 MB/s
[   13.689918] raid6: sse2x2   xor()  5802 MB/s
[   13.757920] raid6: sse2x4   gen()  8706 MB/s
[   13.825924] raid6: sse2x4   xor()  6868 MB/s
[   13.827380] raid6: using algorithm sse2x4 gen() 8706 MB/s
[   13.829056] raid6: .... xor() 6868 MB/s, rmw enabled
[   13.830662] raid6: using ssse3x2 recovery algorithm
[   13.843810] xor: measuring software checksum speed
[   13.918990]    prefetch64-sse: 70910.000 MB/sec
[   13.961989]    generic_sse:  8371.000 MB/sec
[   13.964339] xor: using function: prefetch64-sse (70910.000 MB/sec)
[   13.968812] async_tx: api initialized (async)
[   14.034319] md: raid6 personality registered for level 6
[   14.053999] md: raid5 personality registered for level 5
[   14.066449] md: raid4 personality registered for level 4
[   14.118419] md: raid10 personality registered for level 10
done.
Begin: Running /scripts/init-premount ... done.
Begin: Mounting root file system ... Begin: Running /scripts/local-top ... done.
Begin: Running /scripts/local-premount ... [   14.268766] Btrfs loaded
Scanning for Btrfs filesystems
done.
Warning: fsck not present, so skipping root file system
[   14.482587] EXT4-fs (sda1): mounted filesystem with ordered data mode. Opts: (null)
done.
Begin: Running /scripts/local-bottom ... done.
Begin: Running /scripts/init-bottom ... done.
[   15.228195] systemd[1]: systemd 229 running in system mode. (+PAM +AUDIT +SELINUX +IMA +APPARMOR +SMACK +SYSVINIT +UTMP +LIBCRYPTSETUP +GCRYPT +GNUTLS +ACL +XZ -LZ4 +SECCOMP +BLKID +ELFUTILS +KMOD -IDN)
[   15.240425] systemd[1]: Detected virtualization oracle.
[   15.242234] systemd[1]: Detected architecture x86-64.

Welcome to [1mUbuntu 16.04.6 LTS[0m!

[   15.318731] systemd[1]: Set hostname to <ubuntu>.
[   15.340350] systemd[1]: Initializing machine ID from random generator.
[   15.364711] systemd[1]: Installed transient /etc/machine-id file.
[   15.638207] random: nonblocking pool is initialized
[   16.289262] systemd[1]: Reached target Encrypted Volumes.
[[0;32m  OK  [0m] Reached target Encrypted Volumes.
[   16.301847] systemd[1]: Created slice System Slice.
[[0;32m  OK  [0m] Created slice System Slice.
[   16.314332] systemd[1]: Listening on LVM2 metadata daemon socket.
[[0;32m  OK  [0m] Listening on LVM2 metadata daemon socket.
[   16.355222] systemd[1]: Created slice system-serial\x2dgetty.slice.
[[0;32m  OK  [0m] Created slice system-serial\x2dgetty.slice.
[   16.402341] systemd[1]: Started Trigger resolvconf update for networkd DNS.
[[0;32m  OK  [0m] Started Trigger resolvconf update for networkd DNS.
[   16.462482] systemd[1]: Listening on /dev/initctl Compatibility Named Pipe.
[[0;32m  OK  [0m] Listening on /dev/initctl Compatibility Named Pipe.
[   16.522423] systemd[1]: Listening on Device-mapper event daemon FIFOs.
[[0;32m  OK  [0m] Listening on Device-mapper event daemon FIFOs.
[   16.570513] systemd[1]: Started Forward Password Requests to Wall Directory Watch.
[[0;32m  OK  [0m] Started Forward Password Requests to Wall Directory Watch.
[   16.639241] systemd[1]: Set up automount Arbitrary Executable File Formats File System Automount Point.
[[0;32m  OK  [0m] Set up automount Arbitrary Executab...ats File System Automount Point.
[   16.667661] systemd[1]: Listening on Syslog Socket.
[[0;32m  OK  [0m] Listening on Syslog Socket.
[   16.689768] systemd[1]: Listening on LVM2 poll daemon socket.
[[0;32m  OK  [0m] Listening on LVM2 poll daemon socket.
[   16.712495] systemd[1]: Listening on udev Control Socket.
[[0;32m  OK  [0m] Listening on udev Control Socket.
[   16.735044] systemd[1]: Listening on Journal Socket.
[[0;32m  OK  [0m] Listening on Journal Socket.
[   16.815378] systemd[1]: Starting Set console keymap...
         Starting Set console keymap...
[   16.826860] systemd[1]: Starting Create list of required static device nodes for the current kernel...
         Starting Create list of required st... nodes for the current kernel...
[   16.846690] systemd[1]: Mounting Debug File System...
         Mounting Debug File System...
[   16.935129] systemd[1]: Starting Load Kernel Modules...
         Starting Load Kernel Modules...
[   16.956545] systemd[1]: Starting Nameserver information manager...
         Starting Nameserver information manager...
[   17.011773] systemd[1]: Starting Monitoring of LVM2 mirrors, snapshots etc. using dmeventd or progress polling...
         Starting Monitoring of LVM2 mirrors... dmeventd or progress polling...
[   17.060299] systemd[1]: Starting Uncomplicated firewall...
[   17.090760] Loading iSCSI transport class v2.0-870.
         Starting Uncomplicated firewall...
[   17.097809] systemd[1]: Created slice User and Session Slice.
[[0;32m  OK  [0m] Created slice User and Session Slice.
[   17.104697] systemd[1]: Listening on Journal Audit Socket.
[[0;32m  OK  [0m] Listening on Journal Audit Socket.
[   17.114077] systemd[1]: Listening on Journal Socket (/dev/log).
[[0;32m  OK  [0m] Listening on Journal Socket (/dev/log).
[   17.147434] iscsi: registered transport (tcp)
[   17.158809] systemd[1]: Mounting POSIX Message Queue File System...
         Mounting POSIX Message Queue File System...
[   17.172374] systemd[1]: Listening on udev Kernel Socket.
[[0;32m  OK  [0m] Listening on udev Kernel Socket.
[   17.190150] systemd[1]: Reached target System Time Synchronized.
[[0;32m  OK  [0m] Reached target System Time Synchronized.
[   17.212991] systemd[1]: Starting Journal Service...
         Starting Journal Service...
[   17.218795] systemd[1]: Reached target Swap.
[[0;32m  OK  [0m] Reached target Swap.
[   17.258417] systemd[1]: Reached target User and Group Name Lookups.
[[0;32m  OK  [0m] Reached target User and Group Name Lookups.
[   17.306626] systemd[1]: Mounting Huge Pages File System...
         Mounting Huge Pages File System...
[   17.321133] systemd[1]: Reached target Slices.
[[0;32m  OK  [0m] Reached target Slices.
[   17.337582] systemd[1]: Starting Remount Root and Kernel File Systems...
         Starting Remount Root and Kernel File Systems...
[   17.402318] EXT4-fs (sda1): re-mounted. Opts: (null)
[   17.451313] systemd[1]: Mounted Debug File System.
[[0;32m  OK  [0m] Mounted Debug File System.
[   17.456994] systemd[1]: Mounted Huge Pages File System.
[[0;32m  OK  [0m] Mounted Huge Pages File System.
[   17.463115] systemd[1]: Mounted POSIX Message Queue File System.
[[0;32m  OK  [0m] Mounted POSIX Message Queue File System.
[   17.473263] systemd[1]: Started Create list of required static device nodes for the current kernel.
[[0;32m  OK  [0m] Started Create list of required sta...ce nodes for the current kernel.
[   17.517629] systemd[1]: Started Uncomplicated firewall.
[[0;32m  OK  [0m] Started Uncomplicated firewall.
[   17.541980] systemd[1]: Started Remount Root and Kernel File Systems.
[[0;32m  OK  [0m] Started Remount Root and Kernel File Systems.
[   17.584280] systemd[1]: Started Journal Service.
[[0;32m  OK  [0m] Started Journal Service.
[   17.606951] iscsi: registered transport (iser)
[[0;32m  OK  [0m] Started Nameserver information manager.
[[0;32m  OK  [0m] Started Set console keymap.
[[0;32m  OK  [0m] Started Load Kernel Modules.
[[0;32m  OK  [0m] Started LVM2 metadata daemon.
         Mounting FUSE Control File System...
         Starting Apply Kernel Variables...
         Starting udev Coldplug all Devices...
         Starting Flush Journal to Persistent Storage...
         Starting Load/Save Random Seed...
         Starting Create Static Device Nodes in /dev...
[[0;32m  OK  [0m] Mounted FUSE Control File System.
[[0;32m  OK  [0m] Started Apply Kernel Variables.
[[0;32m  OK  [0m] Started Load/Save Random Seed.
[[0;32m  OK  [0m] Started Create Static Device Nodes in /dev.
         Starting udev Kernel Device Manager...
[[0;32m  OK  [0m] Started Flush Journal to Persistent Storage.
[[0;32m  OK  [0m] Started Monitoring of LVM2 mirrors,...ng dmeventd or progress polling.
[[0;32m  OK  [0m] Reached target Local File Systems (Pre).
[[0;32m  OK  [0m] Reached target Local File Systems.
         Starting Tell Plymouth To Write Out Runtime Data...
         Starting Commit a transient machine-id on disk...
         Starting LSB: AppArmor initialization...
         Starting Create Volatile Files and Directories...
         Starting Initial cloud-init job (pre-networking)...
         Starting Set console font and keymap...
[[0;32m  OK  [0m] Started udev Kernel Device Manager.
[[0;32m  OK  [0m] Started Tell Plymouth To Write Out Runtime Data.
[[0;32m  OK  [0m] Started Commit a transient machine-id on disk.
[[0;32m  OK  [0m] Started udev Coldplug all Devices.
[[0;32m  OK  [0m] Started Dispatch Password Requests to Console Directory Watch.
[[0;32m  OK  [0m] Started Create Volatile Files and Directories.
         Starting Update UTMP about System Boot/Shutdown...
[[0;32m  OK  [0m] Started Update UTMP about System Boot/Shutdown.
[[0;32m  OK  [0m] Found device /dev/ttyS0.
[[0;32m  OK  [0m] Listening on Load/Save RF Kill Switch Status /dev/rfkill Watch.
[[0;32m  OK  [0m] Started LSB: AppArmor initialization.
[   21.634696] cloud-init[470]: Cloud-init v. 19.1-1-gbaa47854-0ubuntu1~16.04.1 running 'init-local' at Thu, 22 Aug 2019 15:56:25 +0000. Up 19.95 seconds.
[[0;32m  OK  [0m] Started Initial cloud-init job (pre-networking).
[[0;32m  OK  [0m] Reached target Network (Pre).
         Starting Raise network interfaces...
[[0;32m  OK  [0m] Started Set console font and keymap.
[[0;32m  OK  [0m] Created slice system-getty.slice.
[[0;32m  OK  [0m] Started Raise network interfaces.
[[0;32m  OK  [0m] Reached target Network.
         Starting Initial cloud-init job (metadata service crawler)...
[   27.699525] cloud-init[951]: Cloud-init v. 19.1-1-gbaa47854-0ubuntu1~16.04.1 running 'init' at Thu, 22 Aug 2019 15:56:30 +0000. Up 24.92 seconds.
[   27.705914] cloud-init[951]: ci-info: ++++++++++++++++++++++++++++++++++++++Net device info++++++++++++++++++++++++++++++++++++++
[   27.711152] cloud-init[951]: ci-info: +--------+------+----------------------------+---------------+--------+-------------------+
[   27.716501] cloud-init[951]: ci-info: | Device |  Up  |          Address           |      Mask     | Scope  |     Hw-Address    |
[   27.721757] cloud-init[951]: ci-info: +--------+------+----------------------------+---------------+--------+-------------------+
[   27.727070] cloud-init[951]: ci-info: | enp0s3 | True |         10.0.2.15          | 255.255.255.0 | global | 02:52:2e:48:de:28 |
[   27.732436] cloud-init[951]: ci-info: | enp0s3 | True | fe80::52:2eff:fe48:de28/64 |       .       |  link  | 02:52:2e:48:de:28 |
[   27.737724] cloud-init[951]: ci-info: |   lo   | True |         127.0.0.1          |   255.0.0.0   |  host  |         .         |
[   27.743030] cloud-init[951]: ci-info: |   lo   | True |          ::1/128           |       .       |  host  |         .         |
[   27.748202] cloud-init[951]: ci-info: +--------+------+----------------------------+---------------+--------+-------------------+
[   27.753581] cloud-init[951]: ci-info: +++++++++++++++++++++++++++Route IPv4 info++++++++++++++++++++++++++++
[   27.758126] cloud-init[951]: ci-info: +-------+-------------+----------+---------------+-----------+-------+
[   27.763086] cloud-init[951]: ci-info: | Route | Destination | Gateway  |    Genmask    | Interface | Flags |
[   27.768060] cloud-init[951]: ci-info: +-------+-------------+----------+---------------+-----------+-------+
[   27.773097] cloud-init[951]: ci-info: |   0   |   0.0.0.0   | 10.0.2.2 |    0.0.0.0    |   enp0s3  |   UG  |
[   27.777857] cloud-init[951]: ci-info: |   1   |   10.0.2.0  | 0.0.0.0  | 255.255.255.0 |   enp0s3  |   U   |
[   27.782616] cloud-init[951]: ci-info: +-------+-------------+----------+---------------+-----------+-------+
[   27.787426] cloud-init[951]: ci-info: +++++++++++++++++++Route IPv6 info+++++++++++++++++++
[   27.791811] cloud-init[951]: ci-info: +-------+-------------+---------+-----------+-------+
[   27.796444] cloud-init[951]: ci-info: | Route | Destination | Gateway | Interface | Flags |
[   27.800776] cloud-init[951]: ci-info: +-------+-------------+---------+-----------+-------+
[   27.805174] cloud-init[951]: ci-info: |   0   |  fe80::/64  |    ::   |   enp0s3  |   U   |
[   27.809449] cloud-init[951]: ci-info: |   3   |   ff00::/8  |    ::   |   enp0s3  |   U   |
[   27.813836] cloud-init[951]: ci-info: +-------+-------------+---------+-----------+-------+
[   27.818293] cloud-init[951]: Generating public/private rsa key pair.
[   27.822049] cloud-init[951]: Your identification has been saved in /etc/ssh/ssh_host_rsa_key.
[   27.826476] cloud-init[951]: Your public key has been saved in /etc/ssh/ssh_host_rsa_key.pub.
[   27.830795] cloud-init[951]: The key fingerprint is:
[   27.834111] cloud-init[951]: SHA256:CyrDSdVEBHp3As9dU5zsuJwtuffFEOvV0WAa+tw4huM root@ubuntu-xenial
[   27.838675] cloud-init[951]: The key's randomart image is:
[   27.842232] cloud-init[951]: +---[RSA 2048]----+
[   27.845460] cloud-init[951]: |    o++   o+o.o  |
[   27.848675] cloud-init[951]: |   . * . . o++ ..|
[   27.851908] cloud-init[951]: |  . o * o .o. ...|
[   27.855141] cloud-init[951]: |   o . o  .+.o oo|
[   27.858614] cloud-init[951]: |  .   . S.o=* + o|
[   27.861990] cloud-init[951]: | o . . . o*o.o + |
[   27.865153] cloud-init[951]: |  = .   . Eo  . o|
[   27.869204] cloud-init[951]: |   o      . .  . |
[   27.873062] cloud-init[951]: |           . ..  |
[   27.876722] cloud-init[951]: +----[SHA256]-----+
[   27.880410] cloud-init[951]: Generating public/private dsa key pair.
[[0;32m  OK  [0m] Started Initial cloud-init job (metadata service crawler).
[   27.885079] cloud-init[951]: Your identification has been saved in /etc/ssh/ssh_host_dsa_key.[[0;32m  OK  [0m] Reached target Network is Online.

[   27.901529] cloud-init[951]: Your public key has been saved in /etc/ssh/ssh_host_dsa_key.pub.
[   27.911064] cloud-init[951]: The key fingerprint is:
[   27.913106] cloud-init[951]: SHA256:8m5DpG8JHD9IZT+57TWns5E/+bwvQZiWUXuoC+Lyk9Q root@ubuntu-xenial
[   27.936940]          Starting iSCSI initiator daemon (iscsid)...
cloud-init[951]: The key's randomart image is:
[[0;32m  OK  [0m] Reached target Cloud-config availability.
[   27.965984] cloud-init[951]: +---[DSA 1024]----+
[   27.979876] [cloud-init[0;32m  OK  [0m[951]: ] |             ..  |Reached target System Initialization.

[   27.983205] cloud-init[951]: |        o   .  o |
[   27.985212] cloud-init[951]: |       o . . =o .|
         Starting LXD - unix socket.
[   28.000288] cloud-init[951]: |      o . + =... |
[   28.064620] cloud-init[951]: |     o.*S..=..   |
[[0;32m  OK  [0m] Listening on D-Bus System Message Bus Socket.
[   28.065009] cloud-init[951]: |      =+=.E...+..|
[   28.125932] cloud-init[951]: |      .=o+ ...o=.|
[[0;32m  OK  [0m] Listening on UUID daemon activation socket.
[   28.126304] cloud-init[951]: |       +O   . +* |
[   28.187234] cloud-init[951]: |       ooo    .=X|
[[0;32m  OK  [0m] Started Daily apt download activities.
[   28.188078] cloud-init[951]: +----[SHA256]-----+
[   28.195256] cloud-init[951]: Generating public/private ecdsa key pair.
[[0;32m  OK  [0m] Started Daily apt upgrade and clean activities.
[   28.195831] cloud-init[951]: Your identification has been saved in /etc/ssh/ssh_host_ecdsa_key.
[[0;32m  OK  [0m] Listening on ACPID Listen Socket.
[   28.203444] cloud-init[951]: Your public key has been saved in /etc/ssh/ssh_host_ecdsa_key.pub.
[   28.212954] cloud-init[951]: The key fingerprint is:
[   28.213497] cloud-init[951]: SHA256:aJqdZ56qggFetoIApFhvixiJkkOhQ2MxF3Ai6+mc7ac root@ubuntu-xenial
         Starting Socket activation for snappy daemon.
[   28.214098] cloud-init[951]: The key's randomart image is:
[[0;32m  OK  [0m] Started Daily Cleanup of Temporary Directories.
[   28.223943] cloud-init[951]: +---[ECDSA 256]---+
[   28.232542] cloud-init[951]: |o%=+.            |
[[0;32m  OK  [0m] Reached target Timers.
[   28.233126] cloud-init[951]: |@=*.             |
[   28.239124] cloud-init[951]: |#   o            |
[   28.243950] cloud-init[951]: |==.= . .         |
[   28.249931] cloud-init[951]: |*o+ o o S        |
[   28.268547] cloud-init[951]: |=oo. = .         |
[   28.268933] cloud-init[951]: | *..o o o        |
[[0;32m  OK  [0m] Started ACPI Events Check.
[   28.269535] cloud-init[951]: |. o  . + .       |
[[   28.273640] cloud-init[951]: [0;32m  OK  [0m|   E+...o        |] 
Reached target Paths.
[   28.277582] cloud-init[951]: +----[SHA256]-----+
[   28.281563] cloud-init[951]: Generating public/private ed25519 key pair.
[   28.292426] cloud-init[951]: Your identification has been saved in /etc/ssh/ssh_host_ed25519_key.
[   28.303547] cloud-init[951]: Your public key has been saved in /etc/ssh/ssh_host_ed25519_key.pub.
[   28.322242] cloud-init[951]: The key fingerprint is:
[[0;32m  OK  [0m] Listening on LXD - unix socket.
[   28.322892] cloud-init[951]: SHA256:qxkpfmAXYYnE1SQXqis9HhL3/qy5IWwG1NsbZROlpn8 root@ubuntu-xenial
[[   28.348737] cloud-init[951]: The key's randomart image is:
[0;32m  OK  [0m] Listening on Socket activation for snappy daemon.
[   28.349575] cloud-init[951]: +--[ED25519 256]--+
[   28.360568] cloud-init[951]: |   o.oo+=o.      |
[   28.363693] [[0;32m  OK  [0m] Started iSCSI initiator daemon (iscsid).
cloud-init[951]: |   .o ++.o       |
[   28.368152] cloud-init[951]: |  . ....*        |
[   28.376830] cloud-init[951]: | .   +.= .       |
[   28.383955] cloud-init[951]: |  o + +.S        |
[   28.386727] cloud-init[951]: |   *oo.= .       |
[   28.389768] cloud-init[951]: |  o.@o* o E      |
[   28.392699] cloud-init[951]: |   B *.B .       |
         Starting Login to default iSCSI targets...
[[0;32m  OK  [0m] Reached target Sockets.
[[0;32m  OK  [0m] Reached target Basic System.
[   28.402021] cloud-init[951]: |    o.B+o        |
[   28.434226] cloud-init[951]: +----[SHA256]-----+
         Starting System Logging Service...
[[0;32m  OK  [0m] Started FUSE filesystem for LXC.
         Starting LXD - container startup/shutdown...
         Starting Login Service...
[[0;32m  OK  [0m] Started D-Bus System Message Bus.
[[0;32m  OK  [0m] Started Regular background program processing daemon.
         Starting Accounts Service...
         Starting Snappy daemon...
         Starting LSB: MD monitoring daemon...
         Starting /etc/rc.local Compatibility...
         Starting Virtualbox guest utils...
         Starting LSB: Record successful boot for GRUB...
[[0;32m  OK  [0m] Started Deferred execution scheduler.
         Starting Pollinate to seed the pseudo random number generator...
[[0;32m  OK  [0m] Started ACPI event daemon.
[[0;32m  OK  [0m] Started System Logging Service.
[[0;32m  OK  [0m] Started /etc/rc.local Compatibility.
[[0;32m  OK  [0m] Started Login to default iSCSI targets.
[[0;32m  OK  [0m] Started Login Service.
[[0;32m  OK  [0m] Started Unattended Upgrades Shutdown.
         Starting Authenticate and Authorize Users to Run Privileged Tasks...
[[0;32m  OK  [0m] Reached target Remote File Systems (Pre).
[[0;32m  OK  [0m] Reached target Remote File Systems.
         Starting LSB: Set the CPU Frequency Scaling governor to "ondemand"...
         Starting Permit User Sessions...
         Starting LSB: automatic crash report generation...
         Starting LSB: daemon to balance interrupts for SMP systems...
[[0;32m  OK  [0m] Started LSB: MD monitoring daemon.
[[0;32m  OK  [0m] Started Permit User Sessions.
[[0;32m  OK  [0m] Started LSB: Record successful boot for GRUB.
[[0;32m  OK  [0m] Started LXD - container startup/shutdown.
         Starting Hold until boot process finishes up...
         Starting Terminate Plymouth Boot Screen...
[[0;32m  OK  [0m] Started Hold until boot process finishes up.
         Starting Set console scheme...
[[0;32m  OK  [0m] Started Serial Getty on ttyS0.
[[0;32m  OK  [0m] Started Getty on tty1.
[[0;32m  OK  [0m] Reached target Login Prompts.
[[0;32m  OK  [0m] Started Terminate Plymouth Boot Screen.
[[0;32m  OK  [0m] Started Set console scheme.
[[0;32m  OK  [0m] Started Authenticate and Authorize Users to Run Privileged Tasks.
[[0;32m  OK  [0m] Started Accounts Service.
[[0;32m  OK  [0m] Started LSB: Set the CPU Frequency Scaling governor to "ondemand".
[[0;32m  OK  [0m] Started LSB: daemon to balance interrupts for SMP systems.
[[0;32m  OK  [0m] Started LSB: automatic crash report generation.
[[0;32m  OK  [0m] Started Virtualbox guest utils.
[[0;32m  OK  [0m] Started Snappy daemon.
         Starting Wait until snapd is fully seeded...
[[0;32m  OK  [0m] Started Pollinate to seed the pseudo random number generator.
         Starting OpenBSD Secure Shell server...
[[0;32m  OK  [0m] Started OpenBSD Secure Shell server.
[[0;32m  OK  [0m] Created slice User Slice of vagrant.
         Starting User Manager for UID 1000...
[[0;32m  OK  [0m] Started Session 1 of user vagrant.
[[0;32m  OK  [0m] Started User Manager for UID 1000.

Ubuntu 16.04.6 LTS ubuntu-xenial ttyS0

ubuntu-xenial login: [   39.196608] cloud-init[1386]: Generating locales (this might take a while)...
[   43.066449] cloud-init[1386]:   en_US.UTF-8... done
[   43.077600] cloud-init[1386]: Generation complete.
[   44.734823] cloud-init[1386]: Cloud-init v. 19.1-1-gbaa47854-0ubuntu1~16.04.1 running 'modules:config' at Thu, 22 Aug 2019 15:56:43 +0000. Up 38.40 seconds.
ci-info: no authorized ssh keys fingerprints found for user ubuntu.
<14>Aug 22 15:56:51 ec2: 
<14>Aug 22 15:56:51 ec2: #############################################################
<14>Aug 22 15:56:51 ec2: -----BEGIN SSH HOST KEY FINGERPRINTS-----
<14>Aug 22 15:56:51 ec2: 1024 SHA256:8m5DpG8JHD9IZT+57TWns5E/+bwvQZiWUXuoC+Lyk9Q root@ubuntu-xenial (DSA)
<14>Aug 22 15:56:51 ec2: 256 SHA256:aJqdZ56qggFetoIApFhvixiJkkOhQ2MxF3Ai6+mc7ac root@ubuntu-xenial (ECDSA)
<14>Aug 22 15:56:51 ec2: 256 SHA256:qxkpfmAXYYnE1SQXqis9HhL3/qy5IWwG1NsbZROlpn8 root@ubuntu-xenial (ED25519)
<14>Aug 22 15:56:51 ec2: 2048 SHA256:CyrDSdVEBHp3As9dU5zsuJwtuffFEOvV0WAa+tw4huM root@ubuntu-xenial (RSA)
<14>Aug 22 15:56:51 ec2: -----END SSH HOST KEY FINGERPRINTS-----
<14>Aug 22 15:56:51 ec2: #############################################################
-----BEGIN SSH HOST KEY KEYS-----
ecdsa-sha2-nistp256 AAAAE2VjZHNhLXNoYTItbmlzdHAyNTYAAAAIbmlzdHAyNTYAAABBBBMmqqnjWDsMNpMF/M1P+KJ7DW2HmULPMg9HNMA/WT+Qq46TZ5i+OdURSGY758CXULZ7uH6ANz6F7s7B50oUmQ8= root@ubuntu-xenial
ssh-ed25519 AAAAC3NzaC1lZDI1NTE5AAAAIKrE1FxYLoXYMGxn3q8foZLdXxdI1nPqK18KKLRt366t root@ubuntu-xenial
ssh-rsa AAAAB3NzaC1yc2EAAAADAQABAAABAQCVfS92oGR2FK9k/GPsT3tyaq/hu+Ke2DrfDgJFZqXL6VyhuBggp0QDWhws26tXE1xS61ALW54NV3YMOOTMyKwNqQT+78MkcGTJoiXlMwA/zeFjoGCZuuJ52sPwjukKz+uX31tOhptW7rPxsqc88ZHACWqQ3lYUDaX4uyclCnnAWYgtXbfy9og2lMtsHIcFtYaIEQq4kQYGoUZsEeT8CqHZO4sqjFkaI0kuLks2YVygXj+GZQZUwPjvgUV23Jk4RZDPA3CJglpBFauFByQHQ89MrqE1+fq47oSzorVUF+nh8D0NSVl7G+t2OKDEWeLHrqDe8DMDq/Rj+LxNOEiWXtex root@ubuntu-xenial
-----END SSH HOST KEY KEYS-----
[   47.028230] cloud-init[1555]: Cloud-init v. 19.1-1-gbaa47854-0ubuntu1~16.04.1 running 'modules:final' at Thu, 22 Aug 2019 15:56:51 +0000. Up 46.21 seconds.
[   47.029112] cloud-init[1555]: ci-info: no authorized ssh keys fingerprints found for user ubuntu.
[   47.030340] cloud-init[1555]: Cloud-init v. 19.1-1-gbaa47854-0ubuntu1~16.04.1 finished at Thu, 22 Aug 2019 15:56:52 +0000. Datasource DataSourceNoCloud [seed=/dev/sdb][dsmode=net].  Up 46.99 seconds
