[    0.000000] Initializing cgroup subsys cpuset
[    0.000000] Initializing cgroup subsys cpu
[    0.000000] Initializing cgroup subsys cpuacct
[    0.000000] Linux version 4.4.0-157-generic (buildd@lgw01-amd64-037) (gcc version 5.4.0 20160609 (Ubuntu 5.4.0-6ubuntu1~16.04.10) ) #185-Ubuntu SMP Tue Jul 23 09:17:01 UTC 2019 (Ubuntu 4.4.0-157.185-generic 4.4.181)
[    0.000000] Command line: BOOT_IMAGE=/boot/vmlinuz-4.4.0-157-generic root=LABEL=cloudimg-rootfs ro console=tty1 console=ttyS0
[    0.000000] KERNEL supported cpus:
[    0.000000]   Intel GenuineIntel
[    0.000000]   AMD AuthenticAMD
[    0.000000]   Centaur CentaurHauls
[    0.000000] x86/fpu: xstate_offset[2]:  576, xstate_sizes[2]:  256
[    0.000000] x86/fpu: Supporting XSAVE feature 0x01: 'x87 floating point registers'
[    0.000000] x86/fpu: Supporting XSAVE feature 0x02: 'SSE registers'
[    0.000000] x86/fpu: Supporting XSAVE feature 0x04: 'AVX registers'
[    0.000000] x86/fpu: Enabled xstate features 0x7, context size is 832 bytes, using 'standard' format.
[    0.000000] e820: BIOS-provided physical RAM map:
[    0.000000] BIOS-e820: [mem 0x0000000000000000-0x000000000009fbff] usable
[    0.000000] BIOS-e820: [mem 0x000000000009fc00-0x000000000009ffff] reserved
[    0.000000] BIOS-e820: [mem 0x00000000000f0000-0x00000000000fffff] reserved
[    0.000000] BIOS-e820: [mem 0x0000000000100000-0x000000003ffeffff] usable
[    0.000000] BIOS-e820: [mem 0x000000003fff0000-0x000000003fffffff] ACPI data
[    0.000000] BIOS-e820: [mem 0x00000000fffc0000-0x00000000ffffffff] reserved
[    0.000000] NX (Execute Disable) protection: active
[    0.000000] SMBIOS 2.5 present.
[    0.000000] Hypervisor detected: KVM
[    0.000000] e820: last_pfn = 0x3fff0 max_arch_pfn = 0x400000000
[    0.000000] MTRR: Disabled
[    0.000000] x86/PAT: MTRRs disabled, skipping PAT initialization too.
[    0.000000] CPU MTRRs all blank - virtualized system.
[    0.000000] x86/PAT: Configuration [0-7]: WB  WT  UC- UC  WB  WT  UC- UC  
[    0.000000] found SMP MP-table at [mem 0x0009fff0-0x0009ffff] mapped at [ffff88000009fff0]
[    0.000000] Scanning 1 areas for low memory corruption
[    0.000000] RAMDISK: [mem 0x362fa000-0x37174fff]
[    0.000000] ACPI: Early table checksum verification disabled
[    0.000000] ACPI: RSDP 0x00000000000E0000 000024 (v02 VBOX  )
[    0.000000] ACPI: XSDT 0x000000003FFF0030 00003C (v01 VBOX   VBOXXSDT 00000001 ASL  00000061)
[    0.000000] ACPI: FACP 0x000000003FFF00F0 0000F4 (v04 VBOX   VBOXFACP 00000001 ASL  00000061)
[    0.000000] ACPI: DSDT 0x000000003FFF0470 002118 (v01 VBOX   VBOXBIOS 00000002 INTL 20160108)
[    0.000000] ACPI: FACS 0x000000003FFF0200 000040
[    0.000000] ACPI: FACS 0x000000003FFF0200 000040
[    0.000000] ACPI: APIC 0x000000003FFF0240 00005C (v02 VBOX   VBOXAPIC 00000001 ASL  00000061)
[    0.000000] ACPI: SSDT 0x000000003FFF02A0 0001CC (v01 VBOX   VBOXCPUT 00000002 INTL 20160108)
[    0.000000] No NUMA configuration found
[    0.000000] Faking a node at [mem 0x0000000000000000-0x000000003ffeffff]
[    0.000000] NODE_DATA(0) allocated [mem 0x3ffeb000-0x3ffeffff]
[    0.000000] kvm-clock: Using msrs 4b564d01 and 4b564d00
[    0.000000] kvm-clock: cpu 0, msr 0:3ffe3001, primary cpu clock
[    0.000000] kvm-clock: using sched offset of 3382854981 cycles
[    0.000000] clocksource: kvm-clock: mask: 0xffffffffffffffff max_cycles: 0x1cd42e4dffb, max_idle_ns: 881590591483 ns
[    0.000000] Zone ranges:
[    0.000000]   DMA      [mem 0x0000000000001000-0x0000000000ffffff]
[    0.000000]   DMA32    [mem 0x0000000001000000-0x000000003ffeffff]
[    0.000000]   Normal   empty
[    0.000000]   Device   empty
[    0.000000] Movable zone start for each node
[    0.000000] Early memory node ranges
[    0.000000]   node   0: [mem 0x0000000000001000-0x000000000009efff]
[    0.000000]   node   0: [mem 0x0000000000100000-0x000000003ffeffff]
[    0.000000] Initmem setup node 0 [mem 0x0000000000001000-0x000000003ffeffff]
[    0.000000] ACPI: PM-Timer IO Port: 0x4008
[    0.000000] IOAPIC[0]: apic_id 2, version 17, address 0xfec00000, GSI 0-23
[    0.000000] ACPI: INT_SRC_OVR (bus 0 bus_irq 0 global_irq 2 dfl dfl)
[    0.000000] ACPI: INT_SRC_OVR (bus 0 bus_irq 9 global_irq 9 high level)
[    0.000000] Using ACPI (MADT) for SMP configuration information
[    0.000000] smpboot: Allowing 2 CPUs, 0 hotplug CPUs
[    0.000000] PM: Registered nosave memory: [mem 0x00000000-0x00000fff]
[    0.000000] PM: Registered nosave memory: [mem 0x0009f000-0x0009ffff]
[    0.000000] PM: Registered nosave memory: [mem 0x000a0000-0x000effff]
[    0.000000] PM: Registered nosave memory: [mem 0x000f0000-0x000fffff]
[    0.000000] e820: [mem 0x40000000-0xfffbffff] available for PCI devices
[    0.000000] Booting paravirtualized kernel on KVM
[    0.000000] clocksource: refined-jiffies: mask: 0xffffffff max_cycles: 0xffffffff, max_idle_ns: 7645519600211568 ns
[    0.000000] setup_percpu: NR_CPUS:512 nr_cpumask_bits:512 nr_cpu_ids:2 nr_node_ids:1
[    0.000000] PERCPU: Embedded 34 pages/cpu @ffff88003fc00000 s99544 r8192 d31528 u1048576
[    0.000000] Built 1 zonelists in Node order, mobility grouping on.  Total pages: 257912
[    0.000000] Policy zone: DMA32
[    0.000000] Kernel command line: BOOT_IMAGE=/boot/vmlinuz-4.4.0-157-generic root=LABEL=cloudimg-rootfs ro console=tty1 console=ttyS0
[    0.000000] PID hash table entries: 4096 (order: 3, 32768 bytes)
[    0.000000] Memory: 997732K/1048120K available (8618K kernel code, 1335K rwdata, 4032K rodata, 1484K init, 1284K bss, 50388K reserved, 0K cma-reserved)
[    0.000000] SLUB: HWalign=64, Order=0-3, MinObjects=0, CPUs=2, Nodes=1
[    0.000000] Kernel/User page tables isolation: enabled
[    0.000000] Hierarchical RCU implementation.
[    0.000000] 	Build-time adjustment of leaf fanout to 64.
[    0.000000] 	RCU restricting CPUs from NR_CPUS=512 to nr_cpu_ids=2.
[    0.000000] RCU: Adjusting geometry for rcu_fanout_leaf=64, nr_cpu_ids=2
[    0.000000] NR_IRQS:33024 nr_irqs:440 16
[    0.000000] Console: colour VGA+ 80x25
[    0.000000] console [tty1] enabled
[    0.000000] console [ttyS0] enabled
[    0.000000] tsc: Detected 3092.942 MHz processor
[    0.304219] Calibrating delay loop (skipped) preset value.. 6185.88 BogoMIPS (lpj=12371768)
[    0.305708] pid_max: default: 32768 minimum: 301
[    0.306503] ACPI: Core revision 20150930
[    0.308146] ACPI: 2 ACPI AML tables successfully acquired and loaded
[    0.309324] Security Framework initialized
[    0.310060] Yama: becoming mindful.
[    0.310736] AppArmor: AppArmor initialized
[    0.311582] Dentry cache hash table entries: 131072 (order: 8, 1048576 bytes)
[  0.313372] Inode-cache hash table entries: 65536 (order: 7, 524288 bytes)
[    0.356726] Mount-cache hash table entries: 2048 (order: 2, 16384 bytes)
[    0.357770] Mountpoint-cache hash table entries: 2048 (order: 2, 16384 bytes)
[    0.359019] Initializing cgroup subsys io
[    0.371085] Initializing cgroup subsys memory
[    0.371869] Initializing cgroup subsys devices
[    0.372648] Initializing cgroup subsys freezer
[    0.373427] Initializing cgroup subsys net_cls
[    0.374203] Initializing cgroup subsys perf_event
[    0.375024] Initializing cgroup subsys net_prio
[    0.392228] Initializing cgroup subsys hugetlb
[    0.393007] Initializing cgroup subsys pids
[    0.393822] mce: CPU supports 0 MCE banks
[    0.394571] Last level iTLB entries: 4KB 512, 2MB 8, 4MB 8
[    0.395511] Last level dTLB entries: 4KB 512, 2MB 32, 4MB 32, 1GB 0
[    0.396502] Spectre V2 : Mitigation: Full generic retpoline
[    0.397410] Spectre V2 : Spectre v2 / SpectreRSB mitigation: Filling RSB on context switch
[    0.398839] Speculative Store Bypass: Vulnerable
[    0.399728] MDS: Vulnerable: Clear CPU buffers attempted, no microcode
[    0.403442] Freeing SMP alternatives memory: 36K
[    0.409740] ftrace: allocating 32312 entries in 127 pages
[    0.467425] smpboot: APIC(0) Converting physical 0 to logical package 0
[    0.479283] smpboot: Max logical packages: 1
[    0.481306] ..TIMER: vector=0x30 apic1=0 pin1=2 apic2=-1 pin2=-1
[    0.599333] smpboot: CPU0: Intel(R) Core(TM) i3-2100 CPU @ 3.10GHz (family: 0x6, model: 0x2a, stepping: 0x7)
[    0.621055] Performance Events: unsupported p6 CPU model 42 no PMU driver, software events only.
[    0.633779] KVM setup paravirtual spinlock
[    0.659293] x86: Booting SMP configuration:
[    0.707157] .... node  #0, CPUs:      #1
[    0.738910] kvm-clock: cpu 1, msr 0:3ffe3041, secondary cpu clock
[    0.739976] mce: CPU supports 0 MCE banks
[    0.742626] x86: Booted up 1 node, 2 CPUs
[    0.751505] smpboot: Total of 2 processors activated (12371.76 BogoMIPS)
[    0.752988] devtmpfs: initialized
[    0.766554] evm: security.selinux
[    0.767220] evm: security.SMACK64
[    0.775182] evm: security.SMACK64EXEC
[    0.775871] evm: security.SMACK64TRANSMUTE
[    0.776596] evm: security.SMACK64MMAP
[    0.777272] evm: security.ima
[    0.777868] evm: security.capability
[    0.778754] clocksource: jiffies: mask: 0xffffffff max_cycles: 0xffffffff, max_idle_ns: 7645041785100000 ns
[    0.802646] futex hash table entries: 512 (order: 3, 32768 bytes)
[    0.822203] pinctrl core: initialized pinctrl subsystem
[    0.823199] RTC time: 17:05:32, date: 08/08/19
[    0.824183] NET: Registered protocol family 16
[    0.834858] cpuidle: using governor ladder
[    0.846823] cpuidle: using governor menu
[    0.847564] PCCT header not found.
[    0.848282] ACPI: bus type PCI registered
[    0.849018] acpiphp: ACPI Hot Plug PCI Controller Driver version: 0.5
[    0.850123] PCI: Using configuration type 1 for base access
[    0.864061] ACPI: Added _OSI(Module Device)
[    0.891175] ACPI: Added _OSI(Processor Device)
[    0.891946] ACPI: Added _OSI(3.0 _SCP Extensions)
[    0.892735] ACPI: Added _OSI(Processor Aggregator Device)
[    0.894246] ACPI: Executed 1 blocks of module-level executable AML code
[    0.897230] ACPI: Interpreter enabled
[    0.897922] ACPI: (supports S0 S5)
[    0.898567] ACPI: Using IOAPIC for interrupt routing
[    0.899590] PCI: Using host bridge windows from ACPI; if necessary, use "pci=nocrs" and report a bug
[    0.904382] ACPI: PCI Root Bridge [PCI0] (domain 0000 [bus 00-ff])
[    0.905348] acpi PNP0A03:00: _OSC: OS supports [ASPM ClockPM Segments MSI]
[    0.906388] acpi PNP0A03:00: _OSC failed (AE_NOT_FOUND); disabling ASPM
[    0.907435] acpi PNP0A03:00: fail to add MMCONFIG information, can't access extended PCI configuration space under this bridge.
[    0.909413] PCI host bridge to bus 0000:00
[    0.910139] pci_bus 0000:00: root bus resource [io  0x0000-0x0cf7 window]
[    0.911186] pci_bus 0000:00: root bus resource [io  0x0d00-0xffff window]
[    0.912223] pci_bus 0000:00: root bus resource [mem 0x000a0000-0x000bffff window]
[    0.913527] pci_bus 0000:00: root bus resource [mem 0x40000000-0xffdfffff window]
[    0.914865] pci_bus 0000:00: root bus resource [bus 00-ff]
[    0.917093] pci 0000:00:01.1: legacy IDE quirk: reg 0x10: [io  0x01f0-0x01f7]
[    0.918160] pci 0000:00:01.1: legacy IDE quirk: reg 0x14: [io  0x03f6]
[    0.919176] pci 0000:00:01.1: legacy IDE quirk: reg 0x18: [io  0x0170-0x0177]
[    0.920247] pci 0000:00:01.1: legacy IDE quirk: reg 0x1c: [io  0x0376]
[    0.946837] ACPI: PCI Interrupt Link [LNKA] (IRQs 5 9 10 11) *0, disabled.
[    0.977354] ACPI: PCI Interrupt Link [LNKB] (IRQs 5 9 10 *11)
[    0.978704] ACPI: PCI Interrupt Link [LNKC] (IRQs 5 9 *10 11)
[    0.980093] ACPI: PCI Interrupt Link [LNKD] (IRQs 5 *9 10 11)
[    0.981499] ACPI: Enabled 2 GPEs in block 00 to 07
[    0.982781] vgaarb: setting as boot device: PCI:0000:00:02.0
[    0.988141] vgaarb: device added: PCI:0000:00:02.0,decodes=io+mem,owns=io+mem,locks=none
[    1.002108] vgaarb: loaded
[    1.002685] vgaarb: bridge control possible 0000:00:02.0
[    1.003854] SCSI subsystem initialized
[    1.004765] ACPI: bus type USB registered
[    1.005508] usbcore: registered new interface driver usbfs
[    1.006390] usbcore: registered new interface driver hub
[    1.007295] usbcore: registered new device driver usb
[    1.008414] PCI: Using ACPI for IRQ routing
[    1.031260] NetLabel: Initializing
[    1.037403] NetLabel:  domain hash size = 128
[    1.038398] NetLabel:  protocols = UNLABELED CIPSOv4
[    1.040090] NetLabel:  unlabeled traffic allowed by default
[    1.052319] amd_nb: Cannot enumerate AMD northbridges
[    1.055918] clocksource: Switched to clocksource kvm-clock
[    1.064936] AppArmor: AppArmor Filesystem Enabled
[  1285]npPnAC it   1.526261] pnp: PnP ACPI: found 3 devices
[   1.619641] clocksource: acpi_pm: mask: 0xffffffma_cycles: 0xffffff, max_idle_ns: 2085701024 ns
[    1.690957] NET: Registered protocl family 2

[    1.715148] TCP established hash table entries: 8192 (order: 4, 65536 bytes)
[    1.716278] TCP bind hash table entries: 8192 (order: 5, 131072 bytes)
[    1.717290] TCP: Hash tables configured (established 8192 bind 8192)
[    1.718283] UDP hash table entries: 512 (order: 2, 16384 bytes)
[    1.719219] UDP-Lite hash table entries: 512 (order: 2, 16384 bytes)
[    1.720247] NET: Registered protocol family 1
[    1.721021] pci 0000:00:00.0: Limiting direct PCI/PCI transfers
[    1.721969] pci 0000:00:01.0: Activating ISA DMA hang workarounds
[    1.723023] Unpacking initramfs...
[    1.937221] Freeing initrd memory: 14828K
[    1.959345] RAPL PMU detected, API unit is 2^-32 Joules, 3 fixed counters 10737418240 ms ovfl timer
[    1.960915] hw unit of domain pp0-core 2^-0 Joules
[    1.961721] hw unit of domain package 2^-0 Joules
[    1.962510] hw unit of domain pp1-gpu 2^-0 Joules
[    1.963324] clocksource: tsc: mask: 0xffffffffffffffff max_cycles: 0x2c953c31226, max_idle_ns: 440795210352 ns
[    1.964986] platform rtc_cmos: registered platform RTC device (no PNP device found)
[    1.966350] Scanning for low memory corruption every 60 seconds
[    1.967786] audit: initializing netlink subsys (disabled)
[    1.969087] audit: type=2000 audit(1565283937.715:1): initialized
[    1.970622] Initialise system trusted keyring
[    1.971981] HugeTLB registered 2 MB page size, pre-allocated 0 pages
[    1.980958] zbud: loaded
[    1.982053] VFS: Disk quotas dquot_6.6.0
[    1.983016] VFS: Dquot-cache hash table entries: 512 (order 0, 4096 bytes)
[    1.984724] squashfs: version 4.0 (2009/01/31) Phillip Lougher
[    1.986322] fuse init (API version 7.23)
[    1.987378] Key type big_key registered
[    1.988354] Allocating IMA MOK and blacklist keyrings.
[    1.991142] Key type asymmetric registered
[    1.992115] Asymmetric key parser 'x509' registered
[    1.993308] Block layer SCSI generic (bsg) driver version 0.4 loaded (major 249)
[    1.995111] io scheduler noop registered
[    1.996047] io scheduler deadline registered (default)
[    1.997271] io scheduler cfq registered
[    1.998275] pci_hotplug: PCI Hot Plug PCI Core version: 0.5
[    1.999488] pciehp: PCI Express Hot Plug Controller Driver version: 0.4
[    2.001030] ACPI: AC Adapter [AC] (on-line)
[    2.002055] input: Power Button as /devices/LNXSYSTM:00/LNXPWRBN:00/input/input0
[    2.003779] ACPI: Power Button [PWRF]
[    2.004754] input: Sleep Button as /devices/LNXSYSTM:00/LNXSLPBN:00/input/input1
[    2.006467] ACPI: Sleep Button [SLPF]
[    2.007616] GHES: HEST is not enabled!
[    2.008654] Serial: 8250/16550 driver, 32 ports, IRQ sharing enabled
[    2.031541] 00:02: ttyS0 at I/O 0x3f8 (irq = 4, base_baud = 115200) is a 16550A
[    2.034426] Linux agpgart interface v0.103
[    2.037404] loop: module loaded
[    2.043393] scsi host0: ata_piix
[    2.044494] scsi host1: ata_piix
[    2.045339] ata1: PATA max UDMA/33 cmd 0x1f0 ctl 0x3f6 bmdma 0xd000 irq 14
[    2.046754] ata2: PATA max UDMA/33 cmd 0x170 ctl 0x376 bmdma 0xd008 irq 15
[    2.048274] libphy: Fixed MDIO Bus: probed
[    2.055022] tun: Universal TUN/TAP device driver, 1.6
[    2.056180] tun: (C) 1999-2004 Max Krasnyansky <maxk@qualcomm.com>
[    2.057535] PPP generic driver version 2.4.2
[    2.058581] ehci_hcd: USB 2.0 'Enhanced' Host Controller (EHCI) Driver
[    2.059960] ehci-pci: EHCI PCI platform driver
[    2.061031] ehci-platform: EHCI generic platform driver
[    2.066846] ohci_hcd: USB 1.1 'Open' Host Controller (OHCI) Driver
[    2.068163] ohci-pci: OHCI PCI platform driver
[    2.069225] ohci-platform: OHCI generic platform driver
[    2.070374] uhci_hcd: USB Universal Host Controller Interface driver
[    2.071777] i8042: PNP: PS/2 Controller [PNP0303:PS2K,PNP0f03:PS2M] at 0x60,0x64 irq 1,12
[    2.074203] serio: i8042 KBD port at 0x60,0x64 irq 1
[    2.075315] serio: i8042 AUX port at 0x60,0x64 irq 12
[    2.076580] mousedev: PS/2 mouse device common for all mice
[    2.078189] rtc_cmos rtc_cmos: rtc core: registered rtc_cmos as rtc0
[    2.079631] rtc_cmos rtc_cmos: alarms up to one day, 114 bytes nvram
[    2.081037] i2c /dev entries driver
[    2.081983] device-mapper: uevent: version 1.0.3
[    2.083088] input: AT Translated Set 2 keyboard as /devices/platform/i8042/serio0/input/input2
[    2.085168] device-mapper: ioctl: 4.34.0-ioctl (2015-10-28) initialised: dm-devel@redhat.com
[    2.087175] ledtrig-cpu: registered to indicate activity on CPUs
[    2.110179] NET: Registered protocol family 10
[    2.179215] NET: Registered protocol family 17
[    2.180053] Key type dns_resolver registered
[    2.181178] registered taskstats version 1
[    2.181934] Loading compiled-in X.509 certificates
[    2.183500] Loaded X.509 cert 'Build time autogenerated kernel key: 3e01e6df98386236d59670e6b2ed19a044d5324e'
[    2.185201] zswap: loaded using pool lzo/zbud
[    2.189061] Key type trusted registered
[    2.448809] Key type encrypted registered
[   22.663772] AppArmor: AppArmor sha1 policy hashing enabled
[    2.978829] ima: No TPM chip found, activating TPM-bypass!
[    2.979855] ima: Allocated hash algorithm: sha1
[    2.980751] evm: HMAC attrs: 0x1
[    2.981729]   Magic number: 15:927:86
[    2.982525] rtc_cmos rtc_cmos: setting system clock to 2019-08-08 17:05:34 UTC (1565283934)
[    2.984203] BIOS EDD facility v0.16 2004-Jun-25, 0 devices found
[    2.985158] EDD information not available.
[    2.987303] Freeing unused kernel memory: 1484K
[    3.208046] Write protecting the kernel read-only data: 14336k
[    3.227341] Freeing unused kernel memory: 1612K
[    3.245886] Freeing unused kernel memory: 64K
Loading, please wait...
starting version[    3.264938] random: systemd-udevd: uninitialized urandom read (16 bytes read, 3 bits of entropy available)
 229
[    3.265736] random: udevadm: uninitialized urandom read (16 bytes read, 3 bits of entropy available)
[    3.265765] random: udevadm: uninitialized urandom read (16 bytes read, 3 bits of entropy available)
[    3.280651] random: udevadm: uninitialized urandom read (16 bytes read, 3 bits of entropy available)
[    3.280719] random: udevadm: uninitialized urandom read (16 bytes read, 3 bits of entropy available)
[    3.280937] random: udevadm: uninitialized urandom read (16 bytes read, 3 bits of entropy available)
[    3.281021] random: udevadm: uninitialized urandom read (16 bytes read, 3 bits of entropy available)
[    3.281105] random: udevadm: uninitialized urandom read (16 bytes read, 3 bits of entropy available)
[    3.281193] random: udevadm: uninitialized urandom read (16 bytes read, 3 bits of entropy available)
[    3.281275] random: udevadm: uninitialized urandom read (16 bytes read, 3 bits of entropy available)
[    3.354269] e1000: Intel(R) PRO/1000 Network Driver - version 7.3.21-k8-NAPI
[    3.369341] e1000: Copyright (c) 1999-2006 Intel Corporation.
[    3.371222] Fusion MPT base driver 3.04.20
[    3.378936] Copyright (c) 1999-2008 LSI Corporation
[    3.384705] Fusion MPT SPI Host driver 3.04.20
[    3.621605] input: ImExPS/2 Generic Explorer Mouse as /devices/platform/i8042/serio1/input/input4
[    3.993826] e1000 0000:00:03.0 eth0: (PCI:33MHz:32-bit) 02:46:62:72:a1:53
[    4.551874] e1000 0000:00:03.0 eth0: Intel(R) PRO/1000 Network Connection
[    4.553968] mptbase: ioc0: Initiating bringup
[    4.554606] e1000 0000:00:03.0 enp0s3: renamed from eth0
[    4.624212] ioc0: LSI53C1030 A0: Capabilities={Initiator}
[    5.242477] scsi host2: ioc0: LSI53C1030 A0, FwRev=00000000h, Ports=1, MaxQ=256, IRQ=20
[    5.360677] scsi 2:0:0:0: Direct-Access     VBOX     HARDDISK         1.0  PQ: 0 ANSI: 5
[    5.367486] scsi target2:0:0: Beginning Domain Validation
[    5.670436] scsi target2:0:0: Domain Validation skipping write tests
[    5.672964] scsi target2:0:0: Ending Domain Validation
[    5.673866] scsi target2:0:0: asynchronous
[    5.674933] scsi 2:0:1:0: Direct-Access     VBOX     HARDDISK         1.0  PQ: 0 ANSI: 5
[    5.676426] scsi target2:0:1: Beginning Domain Validation
[    5.677960] scsi target2:0:1: Domain Validation skipping write tests
[    5.678951] scsi target2:0:1: Ending Domain Validation
[    5.679842] scsi target2:0:1: asynchronous
[    5.689082] sd 2:0:0:0: [sda] 20971520 512-byte logical blocks: (10.7 GB/10.0 GiB)
[    5.779573] sd 2:0:0:0: Attached scsi generic sg0 type 0
[    5.797593] sd 2:0:0:0: [sda] Write Protect is off
[    5.798497] sd 2:0:0:0: [sda] Incomplete mode parameter data
[    5.799412] sd 2:0:0:0: [sda] Assuming drive cache: write through
[    5.800697] sd 2:0:1:0: Attached scsi generic sg1 type 0
[    5.801114] sd 2:0:1:0: [sdb] 20480 512-byte logical blocks: (10.5 MB/10.0 MiB)
[    5.801265] sd 2:0:1:0: [sdb] Write Protect is off
[    5.801361] sd 2:0:1:0: [sdb] Incomplete mode parameter data
[    5.801362] sd 2:0:1:0: [sdb] Assuming drive cache: write through
[    5.826506]  sda: sda1
[    5.830580] sd 2:0:0:0: [sda] Attached SCSI disk
[    5.838617] sd 2:0:1:0: [sdb] Attached SCSI disk
Begin: Loading e[    7.301058] md: linear personality registered for level -1
ssential drivers ... [    7.473642] md: multipath personality registered for level -4
[    7.479669] md: raid0 personality registered for level 0
[    7.489124] md: raid1 personality registered for level 1
[    7.563961] raid6: sse2x1   gen()  6733 MB/s
[    7.635956] raid6: sse2x1   xor()  6248 MB/s
[    7.703951] raid6: sse2x2   gen() 10276 MB/s
[    7.775953] raid6: sse2x2   xor()  7312 MB/s
[    7.843951] raid6: sse2x4   gen() 11893 MB/s
[    7.911954] raid6: sse2x4   xor()  8957 MB/s
[    7.912939] raid6: using algorithm sse2x4 gen() 11893 MB/s
[    7.914114] raid6: .... xor() 8957 MB/s, rmw enabled
[    7.915202] raid6: using ssse3x2 recovery algorithm
[    7.918025] xor: automatically using best checksumming function:
[    7.978161]    avx       : 28849.000 MB/sec
[    8.360334] async_tx: api initialized (async)
[    8.375976] md: raid6 personality registered for level 6
[    8.382391] md: raid5 personality registered for level 5
[    8.383550] md: raid4 personality registered for level 4
[    8.393501] md: raid10 personality registered for level 10
done.
Begin: Running /scripts/init-premount ... done.
Begin: Mounting root file system ... Begin: Running /scripts/local-top ... done.
Begin: Running /scripts/local-premount ... [    8.629671] Btrfs loaded
Scanning for Btrfs filesystems
done.
Warning: fsck no[    8.675592] EXT4-fs (sda1): mounted filesystem with ordered data mode. Opts: (null)
t present, so skipping root file system
done.
Begin: Running /scripts/local-bottom ... done.
Begin: Running /scripts/init-bottom ... done.
[    9.345479] systemd[1]: systemd 229 running in system mode. (+PAM +AUDIT +SELINUX +IMA +APPARMOR +SMACK +SYSVINIT +UTMP +LIBCRYPTSETUP +GCRYPT +GNUTLS +ACL +XZ -LZ4 +SECCOMP +BLKID +ELFUTILS +KMOD -IDN)
[    9.381864] systemd[1]: Detected virtualization oracle.
[    9.383030] systemd[1]: Detected architecture x86-64.

Welcome to [1mUbuntu 16.04.6 LTS[0m!

[    9.411786] systemd[1]: Set hostname to <ubuntu>.
[    9.422776] systemd[1]: Initializing machine ID from random generator.
[    9.679196] systemd[1]: Installed transient /etc/machine-id file.
[   10.099278] random: nonblocking pool is initialized
[   10.376251] systemd[1]: Listening on udev Control Socket.
[[0;32m  OK  [0m] Listening on udev Control Socket.
[   10.440749] systemd[1]: Listening on Journal Socket.
[[0;32m  OK  [0m] Listening on Journal Socket.
[   10.443826] systemd[1]: Created slice System Slice.
[[0;32m  OK  [0m] Created slice System Slice.
[   10.484235] systemd[1]: Starting Load Kernel Modules...
[   10.532551] Loading iSCSI transport class v2.0-870.
         Starting Load Kernel Modules...
[   10.535793] systemd[1]: Starting Remount Root and Kernel File Systems...
         Starting Remount Root and Kernel File Systems...
[   10.547627] systemd[1]: Starting Nameserver information manager...
         Starting Nameserver information manager...
[   10.560595] systemd[1]: Listening on Journal Audit Socket.
[[0;32m  OK  [0m] Listening on Journal Audit Socket.
[   10.568915] systemd[1]: Reached target System Time Synchronized.
[[0;32m  OK  [0m] Reached target System Time Synchronized.
[   10.573233] EXT4-fs (sda1): re-mounted. Opts: (null)
[   10.580902] iscsi: registered transport (tcp)
[   10.588119] systemd[1]: Mounting Debug File System...
         Mounting Debug File System...
[   10.600643] systemd[1]: Listening on LVM2 poll daemon socket.
[[0;32m  OK  [0m] Listening on LVM2 poll daemon socket.
[   10.603338] systemd[1]: Reached target Encrypted Volumes.
[[0;32m  OK  [0m] Reached target Encrypted Volumes.
[   10.610394] systemd[1]: Set up automount Arbitrary Executable File Formats File System Automount Point.
[[0;32m  OK  [0m] Set up automount Arbitrary Executab...ats File System Automount Point.
[   10.614506] systemd[1]: Starting Set console keymap...
         Starting Set console keymap...
[   10.640414] systemd[1]: Listening on LVM2 metadata daemon socket.
[[0;32m  OK  [0m] Listening on LVM2 metadata daemon socket.
[   10.654323] systemd[1]: Started Forward Password Requests to Wall Directory Watch.
[[0;32m  OK  [0m] Started Forward Password Requests to Wall Directory Watch.
[   10.659098] systemd[1]: Started Trigger resolvconf update for networkd DNS.
[[0;32m  OK  [[   10.663484] iscsi: registered transport (iser)
0m] Started Trigger resolvconf update for networkd DNS.
[   10.680078] systemd[1]: Mounting POSIX Message Queue File System...
         Mounting POSIX Message Queue File System...
[   10.734314] systemd[1]: Reached target Swap.
[[0;32m  OK  [0m] Reached target Swap.
[   10.760216] systemd[1]: Listening on Syslog Socket.
[[0;32m  OK  [0m] Listening on Syslog Socket.
[   10.777584] systemd[1]: Starting Uncomplicated firewall...
         Starting Uncomplicated firewall...
[   1..784392] systemd[1]: Listening on Journal Socket (/dev/log).
[[0;32m  OK  [0m] Listening on Journal Socket (/dev/log).
[   10.839192] systemd[1]: Starting Journal Service...
         Starting Journal Service...
[   10.842925] systemd[1]: Created slice system-serial\x2dgetty.slice.
[[0;32m  OK  [0m] Created slice system-serial\x2dgetty.slice.
[   10.961825] systemd[1]: Created slice User and Session Slice.
[[0;32m  OK  [0m] Created slice User and Session Slice.
[   10.969242] systemd[1]: Reached target Slices.
[[0;32m  OK  [0m] Reached target Slices.
[   10.988162] systemd[1]: Mounting Huge Pages File System...
         Mounting Huge Pages File System...
[   11.112279] systemd[1]: Starting Create list of required static device nodes for the current kernel...
         Starting Create list of required st... nodes for the current kernel...
[   11.156575] systemd[1]: Listening on udev Kernel Socket.
[[0;32m  OK  [0m] Listening on udev Kernel Socket.
[   11.158790] systemd[1]: Reached target User and Group Name Lookups.
[[0;32m  OK  [0m] Reached target User and Group Name Lookups.
[   11.161234] systemd[1]: Listening on Device-mapper event daemon FIFOs.
[[0;32m  OK  [0m] Listening on Device-mapper event daemon FIFOs.
[   11.169147] systemd[1]: Starting Monitoring of LVM2 mirrors, snapshots etc. using dmeventd or progress polling...
         Starting Monitoring of LVM2 mirrors... dmeventd or progress polling...
[   11.184809] systemd[1]: Listening on /dev/initctl Compatibility Named Pipe.
[[0;32m  OK  [0m] Listening on /dev/initctl Compatibility Named Pipe.
[   11.189695] systemd[1]: Mounted Debug File System.
[[0;32m  OK  [0m] Mounted Debug File System.
[   11.218130] systemd[1]: Mounted POSIX Message Queue File System.
[[0;32m  OK  [0m] Mounted POSIX Message Queue File System.
[   11.228301] systemd[1]: Mounted Huge Pages File System.
[[0;32m  OK  [0m] Mounted Huge Pages File System.
[   11.254859] systemd[1]: Started Journal Service.
[[0;32m  OK  [0m] Started Journal Service.
[[0;32m  OK  [0m] Started Load Kernel Modules.
[[0;32m  OK  [0m] Started Remount Root and Kernel File Systems.
[[0;32m  OK  [0m] Started Set console keymap.
[[0;32m  OK  [0m] Started Uncomplicated firewall.
[[0;32m  OK  [0m] Started Create list of required sta...ce nodes for the current kernel.
[[0;32m  OK  [0m] Started Nameserver information manager.
[[0;32m  OK  [0m] Started LVM2 metadata daemon.
         Starting Create Static Device Nodes in /dev...
         Starting Load/Save Random Seed...
         Starting udev Coldplug all Devices...
         Mounting FUSE Control File System...
         Starting Apply Kernel Variables...
         Starting Flush Journal to Persistent Storage...
[[0;32m  OK  [0m] Mounted FUSE Control File System.
[[0;32m  OK  [0m] Started Load/Save Random Seed.
[[0;32m  OK  [0m] Started Apply Kernel Variables.
[[0;32m  OK  [0m] Started Flush Journal to Persistent Storage.
[[0;32m  OK  [0m] Started Create Static Device Nodes in /dev.
         Starting udev Kernel Device Manager...
[[0;32m  OK  [0m] Started udev Coldplug all Devices.
[[0;32m  OK  [0m] Started udev Kernel Device Manager.
[[0;32m  OK  [0m] Started Dispatch Password Requests to Console Directory Watch.
[[0;32m  OK  [0m] Found device /dev/ttyS0.
[[0;32m  OK  [0m] Started Monitoring of LVM2 mirrors,...ng dmeventd or progress polling.
[[0;32m  OK  [0m] Reached target Local File Systems (Pre).
[[0;32m  OK  [0m] Reached target Local File Systems.
         Starting Initial cloud-init job (pre-networking)...
         Starting Commit a transient machine-id on disk...
         Starting Create Volatile Files and Directories...
         Starting LSB: AppArmor initialization...
         Starting Set console font and keymap...
         Starting Tell Plymouth To Write Out Runtime Data...
[[0;32m  OK  [0m] Started Commit a transient machine-id on disk.
[[0;32m  OK  [0m] Started Create Volatile Files and Directories.
[[0;32m  OK  [0m] Started Tell Plymouth To Write Out Runtime Data.
[[0;32m  OK  [0m] Listening on Load/Save RF Kill Switch Status /dev/rfkill Watch.
         Starting Update UTMP about System Boot/Shutdown...
[[0;32m  OK  [0m] Started Update UTMP about System Boot/Shutdown.
[[0;32m  OK  [0m] Started LSB: AppArmor initialization.
[[0;32m  OK  [0m] Started Set console font and keymap.
[[0;32m  OK  [0m] Created slice system-getty.slice.
[   15.182981] cloud-init[483]: Cloud-init v. 19.1-1-gbaa47854-0ubuntu1~16.04.1 running 'init-local' at Thu, 08 Aug 2019 17:05:46 +0000. Up 14.68 seconds.
[[0;32m  OK  [0m] Started Initial cloud-init job (pre-networking).
[[0;32m  OK  [0m] Reached target Network (Pre).
         Starting Raise network interfaces...
[[0;32m  OK  [0m] Started Raise network interfaces.
         Starting Initial cloud-init job (metadata service crawler)...
[[0;32m  OK  [0m] Reached target Network.
[   17.022750] cloud-init[935]: Cloud-init v. 19.1-1-gbaa47854-0ubuntu1~16.04.1 running 'init' at Thu, 08 Aug 2019 17:05:48 +0000. Up 15.96 seconds.
[[0;32m  OK  [0m] Started Initial cloud-init job (metadata service crawler).
[   17.166190] [cloud-init[0;32m  OK  [0m[935]: ] ci-info: ++++++++++++++++++++++++++++++++++++++Net device info++++++++++++++++++++++++++++++++++++++Reached target System Initialization.

[   17.215132] cloud-init[935]: ci-info: +--------+------+----------------------------+---------------+--------+-------------------+
[[0;32m  OK  [0m] Started ACPI Events Check.
[   17.363811] [[0;32m  OK  [0m] Reached target Paths.
cloud-init[935]: ci-info: | Device |  Up  |          Address           |      Mask     | Scope  |     Hw-Address    |
[   17.375263]          cloud-initStarting LXD - unix socket.[935]: 
ci-info: +--------+------+----------------------------+---------------+--------+-------------------+
[   17.380260]          Starting Socket activation for snappy daemon.
[[0;32m  OK  [0m] Listening on D-Bus System Message Bus Socket.
[[0;32m  OK  [0m] Started Daily apt download activities.
[[0;32m  OK  [0m] Started Daily apt upgrade and clean activities.
[[0;32m  OK  [0m] Listening on UUID daemon activation socket.
[[0;32m  OK  [0m] Listening on ACPID Listen Socket.
[[0;32m  OK  [0m] Started Daily Cleanup of Temporary Directories.
[[0;32m  OK  [0m] Reached target Timers.
[[0;32m  OK  [0m] Reached target Network is Online.
cloud-init[935]: ci-info: | enp0s3 | True |         10.0.2.15          | 255.255.255.0 | global | 02:46:62:72:a1:53 |
[   17.393629] cloud-init[935]: ci-info: | enp0s3 | True | fe80::46:62ff:fe72:a153/64 |       .       |  link  | 02:46:62:72:a1:53 |         Starting iSCSI initiator daemon (iscsid)...
[[0;32m  OK  [0m] Reached target Cloud-config availability.

[   17.399370] [[0;32m  OK  [0m] Listening on LXD - unix socket.
[[0;32m  OK  [0m] Listening on Socket activation for snappy daemon.
[[0;32m  OK  [0m] Reached target Sockets.
[[0;32m  OK  [0m] Reached target Basic System.
         Starting LSB: MD monitoring daemon...
cloud-init[935]: ci-info: |   lo   | True |         127.0.0.1          |   255.0.0.0   |  host  |         .         |         Starting Virtualbox guest utils...

[   17.416766] cloud-init[935]: ci-info: |   lo   | True |          ::1/128           |       .       |  host  |         .         |
[   17.476360]          cloud-initStarting Snappy daemon...[935]: 
ci-info: +--------+------+----------------------------+---------------+--------+-------------------+
[   17.482566] cloud-init[935]: ci-info: +++++++++++++++++++++++++++Route IPv4 info++++++++++++++++++++++++++++
[   17.489706] cloud-init[935]: ci-info: +-------+-------------+----------+---------------+-----------+-------+
[   17.493810] cloud-init[935]: ci-info: | Route | Destination | Gateway  |    Genmask    | Interface | Flags |
         Starting /etc/rc.local Compatibility...
[   17.497088] cloud-init[935]: ci-info: +-------+-------------+----------+---------------+-----------+-------+
[   17.501928] cloud-init[935]: ci-info: |   0   |   0.0.0.0   | 10.0.2.2 |    0.0.0.0    |   enp0s3  |   UG  |
[   17.504389] cloud-init[935]: ci-info: |   1   |   10.0.2.0  | 0.0.0.0  | 255.255.255.0 |   enp0s3  |   U   |
[   17.507135] cloud-init[935]: ci-info: +-------+-------------+----------+---------------+-----------+-------+
[   17.516202] cloud-init[935]: ci-info: +++++++++++++++++++Route IPv6 info+++++++++++++++++++
[   17.516445] cloud-init[935]: ci-info: +-------+-------------+---------+-----------+-------+
[   17.516858] cloud-init[935]: ci-info: | Route | Destination | Gateway | Interface | Flags |
[   17.517070] cloud-init[935]: ci-info: +-------+-------------+---------+-----------+-------+
[   17.517278] cloud-init[935]: ci-info: |   0   |  fe80::/64  |    ::   |   enp0s3  |   U   |
[   17.517483] cloud-init[935]: ci-info: |   3   |   ff00::/8  |    ::   |   enp0s3  |   U   |
[   17.517701] cloud-init[935]: ci-info: +-------+-------------+---------+-----------+-------+
[   17.518200] cloud-init[935]: Generating public/private rsa key pair.
[   17.518509] cloud-init[935]: Your identification has been saved in /etc/ssh/ssh_host_rsa_key.
[   17.518722] cloud-init[935]: Your public key has been saved in /etc/ssh/ssh_host_rsa_key.pub.
[   17.518924] cloud-init[935]: The key fingerprint is:
[   17.519348] cloud-init[935]: SHA256:UBi4Hb0JZz/P5am6ep5FwMAP45xPTE8QXz/G7UIwyMA root@ubuntu-xenial
[   17.519546] cloud-init[935]: The key's randomart image is:
[   17.519765] cloud-init[935]: +---[RSA 2048]----+
[[0;32m  OK  [0m] Started Regular background program processing daemon.
[   17.520046] cloud-init[935]: |     ..*+oo+o .  |
[   17.817170] cloud-init[935]: |    . +.Eo+..+...|
[   17.852554] cloud-init[935]: |     o.B @oo. .+o|
[   17.852987] cloud-init[935]: |    . ..* *...o..|
         Starting Pollinate to seed the pseudo random number generator...
[   17.853228] cloud-init[935]: |        So +.o...|
[   17.875532] cloud-init[935]: |          ..o o. |
[   17.876942] cloud-init[935]: |            ..   |
[   17.902584] cloud-init[935]: |          .o.    |
[[0;32m  OK  [0m] Started Deferred execution scheduler.
[   17.903217] cloud-init[935]: |        .+=o     |
[   17.910601] cloud-init[935]: +----[SHA256]-----+
[   17.911085] cloud-init[935]: Generating public/private dsa key pair.
         Starting LSB: Record successful boot for GRUB...
[   17.911344] cloud-init[935]: Your identification has been saved in /etc/ssh/ssh_host_dsa_key.
[   17.982385] cloud-init[935]: Your public key has been saved in /etc/ssh/ssh_host_dsa_key.pub.
[   17.984903] cloud-init[935]: The key fingerprint is:
[   17.986082] cloud-init[935]: SHA256:5LEEhRLoFce6mFv7juDoHzgn6n0ZZY1hwi/BerMGweM root@ubuntu-xenial
[   17.987566] cloud-init[935]: The key's randomart image is:
[   17.989058] cloud-init[935]: +---[DSA 1024]----+
[   17.990156] cloud-init[935]: |  ..=+oo.        |
[   17.991252] cloud-init[935]: |  .+o*o+         |         Starting Login Service...

[   17.995460]          cloud-initStarting Accounts Service...[935]: 
| ...+o= B        |
[   18.045905]          cloud-initStarting System Logging Service...[935]: 
|  .E.+ O +       |
[   18.064340] [[0;32m  OK  [0m] Started FUSE filesystem for LXC.
cloud-init[935]: |   oo.* S        |
[   18.066793] [[0;32m  OK  [0m] Started D-Bus System Message Bus.
cloud-init[935]: |  + o+           |
[   18.070893] cloud-init[935]: | +.=..o          |
[   18.073118] cloud-init[935]: |.o*.o+           |
[   18.074245] cloud-init[935]: |=oooooo          |
[   18.076347] cloud-init[935]: +----[SHA256]-----+
[   18.077451] cloud-init[935]: Generating public/private ecdsa key pair.
[   18.078692] cloud-init[935]: Your identification has been saved in /etc/ssh/ssh_host_ecdsa_key.
[   18.080180] cloud-init[935]: Your public key has been saved in /etc/ssh/ssh_host_ecdsa_key.pub.
[   18.081590] cloud-init[935]: The key fingerprint is:
[   18.083112] cloud-init[935]: SHA256:2Sc1GmH6T3zPayTN/p3aJgaloqQXwhTKpgD31vJQzUQ root@ubuntu-xenial
[   18.085360] cloud-init[935]: The key's randomart image is:
[   18.086515] cloud-init[935]: +---[ECDSA 256]---+
[   18.087617] cloud-init[935]: |       =E o      |
[   18.088763] cloud-init[935]: |. .  .. oo .     |
[   18.089849] cloud-init[935]: |.....o. . . o    |
[   18.090947] cloud-init[935]: |.  +=..  + = o   |
[   18.092115] cloud-init[935]: |. o.o+  S = * +  |
[   18.093208] cloud-init[935]: | .   o.o . B o * |
[   18.094296] cloud-init[935]: |      + o . o + o|
[   18.096341] cloud-init[935]: |     . o     o.++|
[   18.097428] cloud-init[935]: |      .     ..=++|
[   18.098511] cloud-init[935]: +----[SHA256]-----+
[   18.099610] cloud-init[935]: Generating public/private ed25519 key pair.
[   18.100945] cloud-init[935]: Your identification has been saved in /etc/ssh/ssh_host_ed25519_key.
[   18.102370] cloud-init[935]: Your public key has been saved in /etc/ssh/ssh_host_ed25519_key.pub.
[   18.103807] cloud-init[935]: The key fingerprint is:
[   18.104963] cloud-init[935]: SHA256:wBd5dW6VoBscOVvAN8bIp5a5Gza1b6OsFr8DFViIUvE root@ubuntu-xenial
[   18.106398] cloud-init[935]: The key's randomart image is:
[   18.107557] cloud-init[935]: +--[ED25519 256]--+
[   18.108702] cloud-init[935]: |        o+=+Xoo o|
[   18.109787] cloud-init[935]: |     . ..o+Oo@ o |
[   18.110874] cloud-init[935]: |      o o. E@ =  |
[   18.111970] cloud-init[935]: |       o   *o+   |
[   18.113122] cloud-init[935]: |        S ..+ .  |
[   18.114207] cloud-init[935]: |           B .   |
[   18.115303] cloud-init[935]: |          . B .  |
[   18.116491] cloud-init[935]: |           o.o + |
[   18.118160] cloud-init[935]: |          ...+= .|
[   18.119266] cloud-init[935]: +----[SHA256]-----+
[[0;32m  OK  [0m] Started ACPI event daemon.
         Starting LXD - container startup/shutdown...
[[0;32m  OK  [0m] Started System Logging Service.
[[0;32m  OK  [0m] Started Snappy daemon.
[[0;32m  OK  [0m] Started /etc/rc.local Compatibility.
[[0;32m  OK  [0m] Started iSCSI initiator daemon (iscsid).
[[0;32m  OK  [0m] Started LSB: MD monitoring daemon.
[[0;32m  OK  [0m] Started Login Service.
[[0;32m  OK  [0m] Started Unattended Upgrades Shutdown.
         Starting Authenticate and Authorize Users to Run Privileged Tasks...
         Starting Login to default iSCSI targets...
         Starting Wait until snapd is fully seeded...
[[0;32m  OK  [0m] Started LSB: Record successful boot for GRUB.
[[0;32m  OK  [0m] Started Login to default iSCSI targets.
[[0;32m  OK  [0m] Reached target Remote File Systems (Pre).
[[0;32m  OK  [0m] Reached target Remote File Systems.
         Starting LSB: automatic crash report generation...
         Starting Permit User Sessions...
         Starting LSB: daemon to balance interrupts for SMP systems...
         Starting LSB: Set the CPU Frequency Scaling governor to "ondemand"...
[[0;32m  OK  [0m] Started Virtualbox guest utils.
[[0;32m  OK  [0m] Started Permit User Sessions.
[[0;32m  OK  [0m] Started Authenticate and Authorize Users to Run Privileged Tasks.
[[0;32m  OK  [0m] Started Accounts Service.
         Starting Terminate Plymouth Boot Screen...
         Starting Hold until boot process finishes up...
[[0;32m  OK  [0m] Started LSB: automatic crash report generation.
[[0;32m  OK  [0m] Started LSB: Set the CPU Frequency Scaling governor to "ondemand".
[[0;32m  OK  [0m] Started Terminate Plymouth Boot Screen.
[[0;32m  OK  [0m] Started Hold until boot process finishes up.
[[0;32m  OK  [0m] Started Serial Getty on ttyS0.
         Starting Set console scheme...
[[0;32m  OK  [0m] Started Getty on tty1.
[[0;32m  OK  [0m] Reached target Login Prompts.
[[0;32m  OK  [0m] Started LSB: daemon to balance interrupts for SMP systems.
[[0;32m  OK  [0m] Started Set console scheme.
[[0;32m  OK  [0m] Started Pollinate to seed the pseudo random number generator.
         Starting OpenBSD Secure Shell server...
[[0;32m  OK  [0m] Started LXD - container startup/shutdown.
[[0;32m  OK  [0m] Started OpenBSD Secure Shell server.
[[0;32m  OK  [0m] Created slice User Slice of vagrant.
         Starting User Manager for UID 1000...
[[0;32m  OK  [0m] Started Session 1 of user vagrant.
[[0;32m  OK  [0m] Started User Manager for UID 1000.
[[0;32m  OK  [0m] Started Wait until snapd is fully seeded.
         Starting Apply the settings specified in cloud-config...
[[0;32m  OK  [0m] Reached target Multi-User System.
[[0;32m  OK  [0m] Reached target Graphical Interface.
         Starting Update UTMP about System Runlevel Changes...
[[0;32m  OK  [0m] Started Update UTMP about System Runlevel Changes.
[   23.874125] cloud-init[1388]: Generating locales (this might take a while)...
[   24.936956] cloud-init[1388]:   en_US.UTF-8... done
[   24.937569] cloud-init[1388]: Generation complete.

Ubuntu 16.04.6 LTS ubuntu-xenial ttyS0

ubuntu-xenial login: [   25.826659] cloud-init[1388]: Cloud-init v. 19.1-1-gbaa47854-0ubuntu1~16.04.1 running 'modules:config' at Thu, 08 Aug 2019 17:05:55 +0000. Up 23.67 seconds.
ci-info: no authorized ssh keys fingerprints found for user ubuntu.
<14>Aug  8 17:05:58 ec2: 
<14>Aug  8 17:05:58 ec2: #############################################################
<14>Aug  8 17:05:58 ec2: -----BEGIN SSH HOST KEY FINGERPRINTS-----
<14>Aug  8 17:05:58 ec2: 1024 SHA256:5LEEhRLoFce6mFv7juDoHzgn6n0ZZY1hwi/BerMGweM root@ubuntu-xenial (DSA)
<14>Aug  8 17:05:58 ec2: 256 SHA256:2Sc1GmH6T3zPayTN/p3aJgaloqQXwhTKpgD31vJQzUQ root@ubuntu-xenial (ECDSA)
<14>Aug  8 17:05:58 ec2: 256 SHA256:wBd5dW6VoBscOVvAN8bIp5a5Gza1b6OsFr8DFViIUvE root@ubuntu-xenial (ED25519)
<14>Aug  8 17:05:58 ec2: 2048 SHA256:UBi4Hb0JZz/P5am6ep5FwMAP45xPTE8QXz/G7UIwyMA root@ubuntu-xenial (RSA)
<14>Aug  8 17:05:58 ec2: -----END SSH HOST KEY FINGERPRINTS-----
<14>Aug  8 17:05:58 ec2: #############################################################
-----BEGIN SSH HOST KEY KEYS-----
ecdsa-sha2-nistp256 AAAAE2VjZHNhLXNoYTItbmlzdHAyNTYAAAAIbmlzdHAyNTYAAABBBLEWABUqEQuY/wwp3zbEAhQxweQ6WUmeXyOPzkDgTVryXcAWH6ciNRYdKpXQ/lM55Opc44gQN+5fQZDVBIkxHZ0= root@ubuntu-xenial
ssh-ed25519 AAAAC3NzaC1lZDI1NTE5AAAAIKymndSiq6Tc6jc+P8Otzla5++/PGLTXFX/56nKt16qe root@ubuntu-xenial
ssh-rsa AAAAB3NzaC1yc2EAAAADAQABAAABAQCr2QINDPeGSIsH+Wcwax3x5jj0cdGpTTTjvpi1dp0Qs9Msf3Ch7Wy4Zkm6Vqi4MXlSbHsi7VDg446h1Jog+e2EItJ8JMfqDbEhGHo+x8EH4k8du/yqxgdoV9caD/ViPZwERwk4xYgN3r2L3dugVtSkw1VqDTlGCPBx7BdnEibVKiL6cpyiz8rHp72ecwyYNAmqhMhNb1ou5OT/8hAEjDxmh8DVi04l9pNEyCPP2fgSTfhSLUDK1HWPafslq2lmEbpemg5ySsQ58UJYXDfW4n1FH8l3vqCGtx89g7WfZMa5BZVgPSI1EADqaHZGtcdyFIyp29rHFapIBrr5bH8ruTy/ root@ubuntu-xenial
-----END SSH HOST KEY KEYS-----
[   26.425100] cloud-init[1518]: Cloud-init v. 19.1-1-gbaa47854-0ubuntu1~16.04.1 running 'modules:final' at Thu, 08 Aug 2019 17:05:58 +0000. Up 26.22 seconds.
[   26.425404] cloud-init[1518]: ci-info: no authorized ssh keys fingerprints found for user ubuntu.
[   26.425669] cloud-init[1518]: Cloud-init v. 19.1-1-gbaa47854-0ubuntu1~16.04.1 finished at Thu, 08 Aug 2019 17:05:58 +0000. Datasource DataSourceNoCloud [seed=/dev/sdb][dsmode=net].  Up 26.40 seconds
[[0;32m  OK  [0m] Stopped target Cloud-init target.
         Stopping Authenticate and Authorize Users to Run Privileged Tasks...
         Stopping Session 3 of user vagrant.
[[0;32m  OK  [0m] Stopped Execute cloud user/final scripts.
         Stopping User Manager for UID 1000...
[[0;32m  OK  [0m] Stopped A         Stopping Serial Getty on ttyS0...
         Stopping Getty on tty1...
         Stopping D-Bus System Message Bus...
         Stopping LSB: daemon to balance interrupts for SMP systems...
         Stopping FUSE filesystem for LXC...
         Stopping Accounts Service...
         Stopping LSB: Set the CPU Frequency Scaling governor to "ondemand"...
         Stopping LSB: Record successful boot for GRUB...
[[0;32m  OK  [0m] Stopped Daily apt download activities.
[[0;32m  OK  [0m] Stopped target System Time Synchronized.
         Stopping LSB: automatic crash report generation...
         Stopping LSB: MD monitoring daemon...
[[0;32m  OK  [0m] Unmounted /var/lib/lxcfs.
[[0;32m  OK  [0m] Stopped Regular background program processing daemon.
[[0;32m  OK  [0m] Stopped Deferred execution scheduler.
[[0;32m  OK  [0m] Stopped Accounts Service.
[[0;32m  OK  [0m] Stopped System Logging Service.
[[0;32m  OK  [0m] Stopped ACPI event daemon.
[[0;32m  OK  [0m] Stopped Unattended Upgrades Shutdown.
[[0;32m  OK  [0m] Stopped Authenticate and Authorize Users to Run Privileged Tasks.
[[0;32m  OK  [0m] Stopped Serial Getty on ttyS0.
[[0;32m  OK  [0m] Stopped Getty on tty1.
[[0;32m  OK  [0m] Stopped OpenBSD Secure Shell server.
[[0;32m  OK  [0m] Stopped User Manager for UID 1000.
[[0;32m  OK  [0m] Stopped Session 3 of user vagrant.
[[0;32m  OK  [0m] Stopped D-Bus System Message Bus.
[[0;32m  OK  [0m] Stopped FUSE filesystem for LXC.
[[0;32m  OK  [0m] Stopped LXD - container startup/shutdown.
[[0;32m  OK  [0m] Stopped LSB: daemon to balance interrupts for SMP systems.
[[0;32m  OK  [0m] Stopped Virtualbox guest utils.
[[0;32m  OK  [0m] Stopped LSB: Set the CPU Frequency Scaling governor to "ondemand".
[[0;32m  OK  [0m] Stopped LSB: Record successful boot for GRUB.
[[0;32m  OK  [0m] Stopped LSB: MD monitoring daemon.
[[0;32m  OK  [0m] Stopped LSB: automatic crash report generation.
[[0;32m  OK  [0m] Removed slice User Slice of vagrant.
[[0;32m  OK  [0m] Removed slice system-getty.slice.
         Stopping Permit User Sessions...
[[0;32m  OK  [0m] Stopped /etc/rc.local Compatibility.
[[0;32m  OK  [0m] Removed slice system-serial\x2dgetty.slice.
         Stopping Login Service...
[[0;32m  OK  [0m] Stopped Permit User Sessions.
[[0;32m  OK  [0m] Stopped target Remote File Systems.
[[0;32m  OK  [0m] Stopped target Remote File Systems (Pre).
         Stopping Login to default iSCSI targets...
[[0;32m  OK  [0m] Stopped Login Service.
[[0;32m  OK  [0m] Stopped target User and Group Name Lookups.
[[0;32m  OK  [0m] Stopped target Basic System.
[[0;32m  OK  [0m] Stopped target Paths.
[[0;32m  OK  [0m] Stopped Dispatch Password Requests to Console Directory Watch.
[[0;32m  OK  [0m] Stopped Forward Password Requests to Wall Directory Watch.
[[0;32m  OK  [0m] Stopped ACPI Events Check.
[[0;32m  OK  [0m] Stopped target Sockets.
[[0;32m  OK  [0m] Closed UUID daemon activation socket.
[[0;32m  OK  [0m] Closed Syslog Socket.
[[0;32m  OK  [0m] Closed LXD - unix socket.
[[0;32m  OK  [0m] Closed Socket activation for snappy daemon.
[[0;32m  OK  [0m] Closed ACPID Listen Socket.
[[0;32m  OK  [0m] Stopped target Slices.
[[0;32m  OK  [0m] Removed slice User and Session Slice.
[[0;32m  OK  [0m] Closed D-Bus System Message Bus Socket.
[[0;32m  OK  [0m] Stopped target System Initialization.
[[0;32m  OK  [0m] Stopped Commit a transient machine-id on disk.
[[0;32m  OK  [0m] Stopped target Encrypted Volumes.
         Stopping Load/Save Random Seed...
[[0;32m  OK  [0m] Stopped target Swap.
[[0;32m  OK  [0m] Stopped Create Volatile Files and Directories.
[[0;32m  OK  [0m] Stopped Login to default iSCSI targets.
[[0;32m  OK  [0m] Stopped Load/Save Random Seed.
         Stopping iSCSI initiator daemon (iscsid)...
[[0;32m  OK  [0m] Stopped iSCSI initiator daemon (iscsid).
[[0;32m  OK  [0m] Stopped target Network is Online.
[[0;32m  OK  [0m] Stopped Initial cloud-init job (metadata service crawler).
[[0;32m  OK  [0m] Stopped target Network.
         Stopping Raise network interfaces...
[[0;32m  OK  [0m] Stopped Raise network interfaces.
[[0;32m  OK  [0m] Stopped target Network (Pre).
[[0;32m  OK  [0m] Stopped Initial cloud-init job (pre-networking).
[[0;32m  OK  [0m] Stopped target Local File Systems.
         Unmounting /run/user/1000...
         Unmounting /vagrant...
[[0;32m  OK  [0m] Stopped Apply Kernel Variables.
[[0;32m  OK  [0m] Stopped Load Kernel Modules.
[[0;32m  OK  [0m] Unmounted /run/user/1000.
[[0;32m  OK  [0m] Unmounted /vagrant.
[[0;32m  OK  [0m] Reached target Unmount All Filesystems.
[[0;32m  OK  [0m] Stopped target Local File Systems (Pre).
[[0;32m  OK  [0m] Stopped Remount Root and Kernel File Systems.
[[0;32m  OK  [0m] Stopped Create Static Device Nodes in /dev.
[[0;32m  OK  [0m] Reached target Shutdown.
[   73.286351] reboot: Power down
